#
# There is insufficient memory for the Java Runtime Environment to continue.
# Native memory allocation (malloc) failed to allocate 131088 bytes. Error detail: Chunk::new
# Possible reasons:
#   The system is out of physical RAM or swap space
#   This process is running with CompressedOops enabled, and the Java Heap may be blocking the growth of the native heap
# Possible solutions:
#   Reduce memory load on the system
#   Increase physical memory or swap space
#   Check if swap backing store is full
#   Decrease Java heap size (-Xmx/-Xms)
#   Decrease number of Java threads
#   Decrease Java thread stack sizes (-Xss)
#   Set larger code cache with -XX:ReservedCodeCacheSize=
#   JVM is running with Unscaled Compressed Oops mode in which the Java heap is
#     placed in the first 4GB address space. The Java Heap base address is the
#     maximum limit for the native heap growth. Please use -XX:HeapBaseMinAddress
#     to set the Java Heap base and to place the Java Heap above 4GB virtual address.
# This output file may be truncated or incomplete.
#
#  Out of Memory Error (arena.cpp:168), pid=31192, tid=36664
#
# JRE version: OpenJDK Runtime Environment Temurin-21.0.6+7 (21.0.6+7) (build 21.0.6+7-LTS)
# Java VM: OpenJDK 64-Bit Server VM Temurin-21.0.6+7 (21.0.6+7-LTS, mixed mode, sharing, tiered, compressed oops, compressed class ptrs, parallel gc, windows-amd64)
# No core dump will be written. Minidumps are not enabled by default on client versions of Windows
#

---------------  S U M M A R Y ------------

Command Line: --add-modules=ALL-SYSTEM --add-opens=java.base/java.util=ALL-UNNAMED --add-opens=java.base/java.lang=ALL-UNNAMED --add-opens=java.base/sun.nio.fs=ALL-UNNAMED -Declipse.application=org.eclipse.jdt.ls.core.id1 -Dosgi.bundles.defaultStartLevel=4 -Declipse.product=org.eclipse.jdt.ls.core.product -Djava.import.generatesMetadataFilesAtProjectRoot=false -DDetectVMInstallationsJob.disabled=true -Dfile.encoding=utf8 -XX:+UseParallelGC -XX:GCTimeRatio=4 -XX:AdaptiveSizePolicyWeight=90 -Dsun.zip.disableMemoryMapping=true -Xmx1G -Xms100m -Xlog:disable -javaagent:c:\Users\Aayush Sharma\.cursor\extensions\redhat.java-1.41.1-win32-x64\lombok\lombok-1.18.36.jar -XX:+HeapDumpOnOutOfMemoryError -XX:HeapDumpPath=c:\Users\Aayush Sharma\AppData\Roaming\Cursor\User\workspaceStorage\bab741d56c7c031ad1e26c5444fbfa7e\redhat.java -Daether.dependencyCollector.impl=bf c:\Users\Aayush Sharma\.cursor\extensions\redhat.java-1.41.1-win32-x64\server\plugins\org.eclipse.equinox.launcher_1.7.0.v20250331-1702.jar -configuration c:\Users\Aayush Sharma\AppData\Roaming\Cursor\User\globalStorage\redhat.java\1.41.1\config_win -data c:\Users\Aayush Sharma\AppData\Roaming\Cursor\User\workspaceStorage\bab741d56c7c031ad1e26c5444fbfa7e\redhat.java\jdt_ws --pipe=\\.\pipe\lsp-32cd6e024a7407729485b0f57b260619-sock

Host: AMD Ryzen 7 5700X3D 8-Core Processor           , 16 cores, 15G,  Windows 11 , 64 bit Build 26100 (10.0.26100.3323)
Time: Thu Apr  3 22:43:02 2025 Pacific Daylight Time elapsed time: 2.477842 seconds (0d 0h 0m 2s)

---------------  T H R E A D  ---------------

Current thread (0x000002c5f36f4c40):  JavaThread "C2 CompilerThread1" daemon [_thread_in_native, id=36664, stack(0x000000dd7d100000,0x000000dd7d200000) (1024K)]


Current CompileTask:
C2:2477 3543       4       java.lang.invoke.MethodType::makeImpl (109 bytes)

Stack: [0x000000dd7d100000,0x000000dd7d200000]
Native frames: (J=compiled Java code, j=interpreted, Vv=VM code, C=native code)
V  [jvm.dll+0x6cdee9]
V  [jvm.dll+0x8a83d1]
V  [jvm.dll+0x8aa8fe]
V  [jvm.dll+0x8aafe3]
V  [jvm.dll+0x27f706]
V  [jvm.dll+0xc500d]
V  [jvm.dll+0xc5543]
V  [jvm.dll+0x6f5065]
V  [jvm.dll+0x6f5493]
V  [jvm.dll+0x6f76bd]
V  [jvm.dll+0x6f5a83]
V  [jvm.dll+0x248925]
V  [jvm.dll+0x246ec4]
V  [jvm.dll+0x1c75ee]
V  [jvm.dll+0x25685a]
V  [jvm.dll+0x254dfa]
V  [jvm.dll+0x3f0256]
V  [jvm.dll+0x851f8b]
V  [jvm.dll+0x6cc5ed]
C  [ucrtbase.dll+0x37b0]
C  [KERNEL32.DLL+0x2e8d7]
C  [ntdll.dll+0xbbf6c]


---------------  P R O C E S S  ---------------

Threads class SMR info:
_java_thread_list=0x000002c5fa34bce0, length=26, elements={
0x000002c5ddd106d0, 0x000002c5f20fd090, 0x000002c5dddb6470, 0x000002c5dddb7450,
0x000002c5dddb9eb0, 0x000002c5dddba900, 0x000002c5dddbb350, 0x000002c5dddbe4e0,
0x000002c5dddcd8f0, 0x000002c5f36eff70, 0x000002c5f36f2550, 0x000002c5f36f3200,
0x000002c5f36f82c0, 0x000002c5f902d730, 0x000002c5f36f4c40, 0x000002c5f99fcef0,
0x000002c5f9895090, 0x000002c5f96d9510, 0x000002c5f96da440, 0x000002c5f9c15520,
0x000002c5fa3271c0, 0x000002c5fa1ad2b0, 0x000002c5f9f9e880, 0x000002c5f9f9db60,
0x000002c5f9fa0fe0, 0x000002c5f9f9e1f0
}

Java Threads: ( => current thread )
  0x000002c5ddd106d0 JavaThread "main"                              [_thread_blocked, id=4820, stack(0x000000dd7c000000,0x000000dd7c100000) (1024K)]
  0x000002c5f20fd090 JavaThread "Reference Handler"          daemon [_thread_blocked, id=32936, stack(0x000000dd7c400000,0x000000dd7c500000) (1024K)]
  0x000002c5dddb6470 JavaThread "Finalizer"                  daemon [_thread_blocked, id=36336, stack(0x000000dd7c500000,0x000000dd7c600000) (1024K)]
  0x000002c5dddb7450 JavaThread "Signal Dispatcher"          daemon [_thread_blocked, id=11596, stack(0x000000dd7c600000,0x000000dd7c700000) (1024K)]
  0x000002c5dddb9eb0 JavaThread "Attach Listener"            daemon [_thread_blocked, id=30740, stack(0x000000dd7c700000,0x000000dd7c800000) (1024K)]
  0x000002c5dddba900 JavaThread "Service Thread"             daemon [_thread_blocked, id=11784, stack(0x000000dd7c800000,0x000000dd7c900000) (1024K)]
  0x000002c5dddbb350 JavaThread "Monitor Deflation Thread"   daemon [_thread_blocked, id=10796, stack(0x000000dd7c900000,0x000000dd7ca00000) (1024K)]
  0x000002c5dddbe4e0 JavaThread "C2 CompilerThread0"         daemon [_thread_blocked, id=38328, stack(0x000000dd7ca00000,0x000000dd7cb00000) (1024K)]
  0x000002c5dddcd8f0 JavaThread "C1 CompilerThread0"         daemon [_thread_blocked, id=35564, stack(0x000000dd7cb00000,0x000000dd7cc00000) (1024K)]
  0x000002c5f36eff70 JavaThread "Common-Cleaner"             daemon [_thread_blocked, id=32896, stack(0x000000dd7cc00000,0x000000dd7cd00000) (1024K)]
  0x000002c5f36f2550 JavaThread "C1 CompilerThread1"         daemon [_thread_blocked, id=36044, stack(0x000000dd7cd00000,0x000000dd7ce00000) (1024K)]
  0x000002c5f36f3200 JavaThread "C1 CompilerThread2"         daemon [_thread_blocked, id=36428, stack(0x000000dd7ce00000,0x000000dd7cf00000) (1024K)]
  0x000002c5f36f82c0 JavaThread "C1 CompilerThread3"         daemon [_thread_blocked, id=27724, stack(0x000000dd7cf00000,0x000000dd7d000000) (1024K)]
  0x000002c5f902d730 JavaThread "Notification Thread"        daemon [_thread_blocked, id=12796, stack(0x000000dd7d000000,0x000000dd7d100000) (1024K)]
=>0x000002c5f36f4c40 JavaThread "C2 CompilerThread1"         daemon [_thread_in_native, id=36664, stack(0x000000dd7d100000,0x000000dd7d200000) (1024K)]
  0x000002c5f99fcef0 JavaThread "Active Thread: Equinox Container: 39107d00-9824-4b52-9310-f110933ce9c9"        [_thread_blocked, id=38204, stack(0x000000dd7da00000,0x000000dd7db00000) (1024K)]
  0x000002c5f9895090 JavaThread "Refresh Thread: Equinox Container: 39107d00-9824-4b52-9310-f110933ce9c9" daemon [_thread_blocked, id=25732, stack(0x000000dd7dc00000,0x000000dd7dd00000) (1024K)]
  0x000002c5f96d9510 JavaThread "Framework Event Dispatcher: Equinox Container: 39107d00-9824-4b52-9310-f110933ce9c9" daemon [_thread_blocked, id=33284, stack(0x000000dd7dd00000,0x000000dd7de00000) (1024K)]
  0x000002c5f96da440 JavaThread "Start Level: Equinox Container: 39107d00-9824-4b52-9310-f110933ce9c9" daemon [_thread_in_vm, id=31916, stack(0x000000dd7de00000,0x000000dd7df00000) (1024K)]
  0x000002c5f9c15520 JavaThread "Bundle File Closer"         daemon [_thread_blocked, id=14216, stack(0x000000dd7df00000,0x000000dd7e000000) (1024K)]
  0x000002c5fa3271c0 JavaThread "SCR Component Actor"        daemon [_thread_blocked, id=39008, stack(0x000000dd7e300000,0x000000dd7e400000) (1024K)]
  0x000002c5fa1ad2b0 JavaThread "SCR Component Registry"     daemon [_thread_blocked, id=21540, stack(0x000000dd7e400000,0x000000dd7e500000) (1024K)]
  0x000002c5f9f9e880 JavaThread "Worker-JM"                         [_thread_blocked, id=34176, stack(0x000000dd7e500000,0x000000dd7e600000) (1024K)]
  0x000002c5f9f9db60 JavaThread "JNA Cleaner"                daemon [_thread_blocked, id=32988, stack(0x000000dd7e600000,0x000000dd7e700000) (1024K)]
  0x000002c5f9fa0fe0 JavaThread "Worker-0: Checking project encoding"        [_thread_blocked, id=37168, stack(0x000000dd7e700000,0x000000dd7e800000) (1024K)]
  0x000002c5f9f9e1f0 JavaThread "Worker-1"                          [_thread_blocked, id=29480, stack(0x000000dd7e800000,0x000000dd7e900000) (1024K)]
Total: 26

Other Threads:
  0x000002c5f20e4980 VMThread "VM Thread"                           [id=38548, stack(0x000000dd7c300000,0x000000dd7c400000) (1024K)]
  0x000002c5f1fdca00 WatcherThread "VM Periodic Task Thread"        [id=31964, stack(0x000000dd7c200000,0x000000dd7c300000) (1024K)]
  0x000002c5ddd2ef00 WorkerThread "GC Thread#0"                     [id=22004, stack(0x000000dd7c100000,0x000000dd7c200000) (1024K)]
  0x000002c5f9079750 WorkerThread "GC Thread#1"                     [id=37148, stack(0x000000dd7d300000,0x000000dd7d400000) (1024K)]
  0x000002c5f9078530 WorkerThread "GC Thread#2"                     [id=38512, stack(0x000000dd7d400000,0x000000dd7d500000) (1024K)]
  0x000002c5f9078190 WorkerThread "GC Thread#3"                     [id=8488, stack(0x000000dd7d500000,0x000000dd7d600000) (1024K)]
  0x000002c5f9079010 WorkerThread "GC Thread#4"                     [id=26032, stack(0x000000dd7d600000,0x000000dd7d700000) (1024K)]
  0x000002c5f90793b0 WorkerThread "GC Thread#5"                     [id=27728, stack(0x000000dd7d700000,0x000000dd7d800000) (1024K)]
  0x000002c5f9077df0 WorkerThread "GC Thread#6"                     [id=27632, stack(0x000000dd7d800000,0x000000dd7d900000) (1024K)]
  0x000002c5f90788d0 WorkerThread "GC Thread#7"                     [id=37752, stack(0x000000dd7db00000,0x000000dd7dc00000) (1024K)]
  0x000002c5f99a73c0 WorkerThread "GC Thread#8"                     [id=35172, stack(0x000000dd7e000000,0x000000dd7e100000) (1024K)]
  0x000002c5f99a7760 WorkerThread "GC Thread#9"                     [id=38488, stack(0x000000dd7e100000,0x000000dd7e200000) (1024K)]
  0x000002c5f99a6c80 WorkerThread "GC Thread#10"                    [id=39384, stack(0x000000dd7e200000,0x000000dd7e300000) (1024K)]
  0x000002c5f99a7020 WorkerThread "GC Thread#11"                    [id=27568, stack(0x000000dd7d200000,0x000000dd7d300000) (1024K)]
  0x000002c5f99a7b00 WorkerThread "GC Thread#12"                    [id=26952, stack(0x000000dd7d900000,0x000000dd7da00000) (1024K)]
Total: 15

Threads with active compile tasks:
C2 CompilerThread0  2495 3586       4       java.util.concurrent.locks.ReentrantLock$NonfairSync::initialTryLock (58 bytes)
C2 CompilerThread1  2495 3543       4       java.lang.invoke.MethodType::makeImpl (109 bytes)
Total: 2

VM state: not at safepoint (normal execution)

VM Mutex/Monitor currently owned by a thread: None

Heap address: 0x00000000c0000000, size: 1024 MB, Compressed Oops mode: 32-bit

CDS archive(s) mapped at: [0x000002c580000000-0x000002c580ba0000-0x000002c580ba0000), size 12189696, SharedBaseAddress: 0x000002c580000000, ArchiveRelocationMode: 1.
Compressed class space mapped at: 0x000002c581000000-0x000002c5c1000000, reserved size: 1073741824
Narrow klass base: 0x000002c580000000, Narrow klass shift: 0, Narrow klass range: 0x100000000

GC Precious Log:
 CardTable entry size: 512
 CPUs: 16 total, 16 available
 Memory: 16310M
 Large Page Support: Disabled
 NUMA Support: Disabled
 Compressed Oops: Enabled (32-bit)
 Alignments: Space 512K, Generation 512K, Heap 2M
 Heap Min Capacity: 100M
 Heap Initial Capacity: 100M
 Heap Max Capacity: 1G
 Pre-touch: Disabled
 Parallel Workers: 13

Heap:
 PSYoungGen      total 29184K, used 15329K [0x00000000eab00000, 0x00000000ece80000, 0x0000000100000000)
  eden space 25088K, 44% used [0x00000000eab00000,0x00000000eb5fd1c8,0x00000000ec380000)
  from space 4096K, 99% used [0x00000000ec400000,0x00000000ec7fb2b0,0x00000000ec800000)
  to   space 5632K, 0% used [0x00000000ec900000,0x00000000ec900000,0x00000000ece80000)
 ParOldGen       total 68608K, used 7966K [0x00000000c0000000, 0x00000000c4300000, 0x00000000eab00000)
  object space 68608K, 11% used [0x00000000c0000000,0x00000000c07c7b90,0x00000000c4300000)
 Metaspace       used 17595K, committed 18240K, reserved 1114112K
  class space    used 1750K, committed 2048K, reserved 1048576K

Card table byte_map: [0x000002c5dd6b0000,0x000002c5dd8c0000] _byte_map_base: 0x000002c5dd0b0000

Marking Bits: (ParMarkBitMap*) 0x00007ffc25793260
 Begin Bits: [0x000002c5eff00000, 0x000002c5f0f00000)
 End Bits:   [0x000002c5f0f00000, 0x000002c5f1f00000)

Polling page: 0x000002c5dbaa0000

Metaspace:

Usage:
  Non-class:     15.47 MB used.
      Class:      1.71 MB used.
       Both:     17.18 MB used.

Virtual space:
  Non-class space:       64.00 MB reserved,      15.88 MB ( 25%) committed,  1 nodes.
      Class space:        1.00 GB reserved,       2.00 MB ( <1%) committed,  1 nodes.
             Both:        1.06 GB reserved,      17.88 MB (  2%) committed. 

Chunk freelists:
   Non-Class:  15.98 MB
       Class:  13.96 MB
        Both:  29.95 MB

MaxMetaspaceSize: unlimited
CompressedClassSpaceSize: 1.00 GB
Initial GC threshold: 21.00 MB
Current GC threshold: 21.00 MB
CDS: on
 - commit_granule_bytes: 65536.
 - commit_granule_words: 8192.
 - virtual_space_node_default_size: 8388608.
 - enlarge_chunks_in_place: 1.
 - use_allocation_guard: 0.


Internal statistics:

num_allocs_failed_limit: 0.
num_arena_births: 526.
num_arena_deaths: 0.
num_vsnodes_births: 2.
num_vsnodes_deaths: 0.
num_space_committed: 286.
num_space_uncommitted: 0.
num_chunks_returned_to_freelist: 0.
num_chunks_taken_from_freelist: 1141.
num_chunk_merges: 0.
num_chunk_splits: 736.
num_chunks_enlarged: 502.
num_inconsistent_stats: 0.

CodeHeap 'non-profiled nmethods': size=119168Kb used=1473Kb max_used=1473Kb free=117694Kb
 bounds [0x000002c5e8aa0000, 0x000002c5e8d10000, 0x000002c5eff00000]
CodeHeap 'profiled nmethods': size=119104Kb used=7265Kb max_used=7265Kb free=111838Kb
 bounds [0x000002c5e0f00000, 0x000002c5e1620000, 0x000002c5e8350000]
CodeHeap 'non-nmethods': size=7488Kb used=2967Kb max_used=2982Kb free=4520Kb
 bounds [0x000002c5e8350000, 0x000002c5e8640000, 0x000002c5e8aa0000]
 total_blobs=4139 nmethods=3583 adapters=459
 compilation: enabled
              stopped_count=0, restarted_count=0
 full_count=0

Compilation events (20 events):
Event: 2.471 Thread 0x000002c5f36f2550 nmethod 3566 0x000002c5e1612e10 code [0x000002c5e1612fe0, 0x000002c5e1613278]
Event: 2.471 Thread 0x000002c5f36f3200 nmethod 3567 0x000002c5e1613390 code [0x000002c5e1613560, 0x000002c5e1613760]
Event: 2.471 Thread 0x000002c5f36f82c0 nmethod 3563 0x000002c5e1613890 code [0x000002c5e1613bc0, 0x000002c5e1614b08]
Event: 2.471 Thread 0x000002c5dddcd8f0 nmethod 3568 0x000002c5e1615110 code [0x000002c5e16152c0, 0x000002c5e16154b8]
Event: 2.471 Thread 0x000002c5f36f82c0 3569       3       org.apache.felix.scr.impl.manager.DependencyManager::cardinalitySatisfied (14 bytes)
Event: 2.471 Thread 0x000002c5f36f82c0 nmethod 3569 0x000002c5e1615590 code [0x000002c5e1615720, 0x000002c5e1615880]
Event: 2.473 Thread 0x000002c5dddcd8f0 3572       3       java.lang.invoke.LambdaFormEditor$TransformKey::ival (25 bytes)
Event: 2.473 Thread 0x000002c5dddcd8f0 nmethod 3572 0x000002c5e1615910 code [0x000002c5e1615aa0, 0x000002c5e1615ba0]
Event: 2.474 Thread 0x000002c5dddbe4e0 3575       4       jdk.internal.org.objectweb.asm.ByteVector::put12 (64 bytes)
Event: 2.474 Thread 0x000002c5f36f82c0 3576       3       jdk.internal.org.objectweb.asm.AnnotationWriter::putAnnotations (110 bytes)
Event: 2.474 Thread 0x000002c5f36f82c0 nmethod 3576 0x000002c5e1615c10 code [0x000002c5e1615e20, 0x000002c5e1616240]
Event: 2.475 Thread 0x000002c5dddbe4e0 nmethod 3575 0x000002c5e8c0ee10 code [0x000002c5e8c0efc0, 0x000002c5e8c0f1b0]
Event: 2.475 Thread 0x000002c5f36f82c0 3579       3       java.lang.invoke.InvokerBytecodeGenerator::<init> (80 bytes)
Event: 2.475 Thread 0x000002c5f36f2550 3580       3       jdk.internal.org.objectweb.asm.FieldWriter::computeFieldInfoSize (86 bytes)
Event: 2.475 Thread 0x000002c5dddcd8f0 3581       3       jdk.internal.org.objectweb.asm.FieldWriter::putFieldInfo (269 bytes)
Event: 2.475 Thread 0x000002c5f36f82c0 nmethod 3579 0x000002c5e1616510 code [0x000002c5e16166e0, 0x000002c5e1616a78]
Event: 2.475 Thread 0x000002c5f36f2550 nmethod 3580 0x000002c5e1616d10 code [0x000002c5e1616f00, 0x000002c5e16171e0]
Event: 2.475 Thread 0x000002c5dddcd8f0 nmethod 3581 0x000002c5e1617310 code [0x000002c5e16175a0, 0x000002c5e1617e90]
Event: 2.475 Thread 0x000002c5dddbe4e0 3584       4       java.lang.ref.Reference::refersTo (6 bytes)
Event: 2.476 Thread 0x000002c5dddbe4e0 nmethod 3584 0x000002c5e8c0ff10 code [0x000002c5e8c100a0, 0x000002c5e8c10150]

GC Heap History (10 events):
Event: 0.779 GC heap before
{Heap before GC invocations=1 (full 0):
 PSYoungGen      total 29696K, used 25600K [0x00000000eab00000, 0x00000000ecc00000, 0x0000000100000000)
  eden space 25600K, 100% used [0x00000000eab00000,0x00000000ec400000,0x00000000ec400000)
  from space 4096K, 0% used [0x00000000ec800000,0x00000000ec800000,0x00000000ecc00000)
  to   space 4096K, 0% used [0x00000000ec400000,0x00000000ec400000,0x00000000ec800000)
 ParOldGen       total 68608K, used 0K [0x00000000c0000000, 0x00000000c4300000, 0x00000000eab00000)
  object space 68608K, 0% used [0x00000000c0000000,0x00000000c0000000,0x00000000c4300000)
 Metaspace       used 3957K, committed 4224K, reserved 1114112K
  class space    used 397K, committed 512K, reserved 1048576K
}
Event: 0.784 GC heap after
{Heap after GC invocations=1 (full 0):
 PSYoungGen      total 29696K, used 3158K [0x00000000eab00000, 0x00000000ecc00000, 0x0000000100000000)
  eden space 25600K, 0% used [0x00000000eab00000,0x00000000eab00000,0x00000000ec400000)
  from space 4096K, 77% used [0x00000000ec400000,0x00000000ec715800,0x00000000ec800000)
  to   space 4096K, 0% used [0x00000000ec800000,0x00000000ec800000,0x00000000ecc00000)
 ParOldGen       total 68608K, used 16K [0x00000000c0000000, 0x00000000c4300000, 0x00000000eab00000)
  object space 68608K, 0% used [0x00000000c0000000,0x00000000c0004000,0x00000000c4300000)
 Metaspace       used 3957K, committed 4224K, reserved 1114112K
  class space    used 397K, committed 512K, reserved 1048576K
}
Event: 1.279 GC heap before
{Heap before GC invocations=2 (full 0):
 PSYoungGen      total 29696K, used 28758K [0x00000000eab00000, 0x00000000ecc00000, 0x0000000100000000)
  eden space 25600K, 100% used [0x00000000eab00000,0x00000000ec400000,0x00000000ec400000)
  from space 4096K, 77% used [0x00000000ec400000,0x00000000ec715800,0x00000000ec800000)
  to   space 4096K, 0% used [0x00000000ec800000,0x00000000ec800000,0x00000000ecc00000)
 ParOldGen       total 68608K, used 16K [0x00000000c0000000, 0x00000000c4300000, 0x00000000eab00000)
  object space 68608K, 0% used [0x00000000c0000000,0x00000000c0004000,0x00000000c4300000)
 Metaspace       used 7726K, committed 8000K, reserved 1114112K
  class space    used 744K, committed 896K, reserved 1048576K
}
Event: 1.284 GC heap after
{Heap after GC invocations=2 (full 0):
 PSYoungGen      total 29696K, used 4068K [0x00000000eab00000, 0x00000000ecc00000, 0x0000000100000000)
  eden space 25600K, 0% used [0x00000000eab00000,0x00000000eab00000,0x00000000ec400000)
  from space 4096K, 99% used [0x00000000ec800000,0x00000000ecbf9158,0x00000000ecc00000)
  to   space 4096K, 0% used [0x00000000ec400000,0x00000000ec400000,0x00000000ec800000)
 ParOldGen       total 68608K, used 1553K [0x00000000c0000000, 0x00000000c4300000, 0x00000000eab00000)
  object space 68608K, 2% used [0x00000000c0000000,0x00000000c01846a8,0x00000000c4300000)
 Metaspace       used 7726K, committed 8000K, reserved 1114112K
  class space    used 744K, committed 896K, reserved 1048576K
}
Event: 1.633 GC heap before
{Heap before GC invocations=3 (full 0):
 PSYoungGen      total 29696K, used 29665K [0x00000000eab00000, 0x00000000ecc00000, 0x0000000100000000)
  eden space 25600K, 99% used [0x00000000eab00000,0x00000000ec3ff548,0x00000000ec400000)
  from space 4096K, 99% used [0x00000000ec800000,0x00000000ecbf9158,0x00000000ecc00000)
  to   space 4096K, 0% used [0x00000000ec400000,0x00000000ec400000,0x00000000ec800000)
 ParOldGen       total 68608K, used 1553K [0x00000000c0000000, 0x00000000c4300000, 0x00000000eab00000)
  object space 68608K, 2% used [0x00000000c0000000,0x00000000c01846a8,0x00000000c4300000)
 Metaspace       used 9238K, committed 9600K, reserved 1114112K
  class space    used 921K, committed 1088K, reserved 1048576K
}
Event: 1.637 GC heap after
{Heap after GC invocations=3 (full 0):
 PSYoungGen      total 29696K, used 4072K [0x00000000eab00000, 0x00000000ecc00000, 0x0000000100000000)
  eden space 25600K, 0% used [0x00000000eab00000,0x00000000eab00000,0x00000000ec400000)
  from space 4096K, 99% used [0x00000000ec400000,0x00000000ec7fa028,0x00000000ec800000)
  to   space 4096K, 0% used [0x00000000ec800000,0x00000000ec800000,0x00000000ecc00000)
 ParOldGen       total 68608K, used 5855K [0x00000000c0000000, 0x00000000c4300000, 0x00000000eab00000)
  object space 68608K, 8% used [0x00000000c0000000,0x00000000c05b7fd0,0x00000000c4300000)
 Metaspace       used 9238K, committed 9600K, reserved 1114112K
  class space    used 921K, committed 1088K, reserved 1048576K
}
Event: 2.040 GC heap before
{Heap before GC invocations=4 (full 0):
 PSYoungGen      total 29696K, used 29672K [0x00000000eab00000, 0x00000000ecc00000, 0x0000000100000000)
  eden space 25600K, 100% used [0x00000000eab00000,0x00000000ec400000,0x00000000ec400000)
  from space 4096K, 99% used [0x00000000ec400000,0x00000000ec7fa028,0x00000000ec800000)
  to   space 4096K, 0% used [0x00000000ec800000,0x00000000ec800000,0x00000000ecc00000)
 ParOldGen       total 68608K, used 5855K [0x00000000c0000000, 0x00000000c4300000, 0x00000000eab00000)
  object space 68608K, 8% used [0x00000000c0000000,0x00000000c05b7fd0,0x00000000c4300000)
 Metaspace       used 12313K, committed 12736K, reserved 1114112K
  class space    used 1207K, committed 1408K, reserved 1048576K
}
Event: 2.043 GC heap after
{Heap after GC invocations=4 (full 0):
 PSYoungGen      total 29696K, used 4064K [0x00000000eab00000, 0x00000000ecc00000, 0x0000000100000000)
  eden space 25600K, 0% used [0x00000000eab00000,0x00000000eab00000,0x00000000ec400000)
  from space 4096K, 99% used [0x00000000ec800000,0x00000000ecbf83f8,0x00000000ecc00000)
  to   space 4096K, 0% used [0x00000000ec400000,0x00000000ec400000,0x00000000ec800000)
 ParOldGen       total 68608K, used 7115K [0x00000000c0000000, 0x00000000c4300000, 0x00000000eab00000)
  object space 68608K, 10% used [0x00000000c0000000,0x00000000c06f2fb0,0x00000000c4300000)
 Metaspace       used 12313K, committed 12736K, reserved 1114112K
  class space    used 1207K, committed 1408K, reserved 1048576K
}
Event: 2.327 GC heap before
{Heap before GC invocations=5 (full 0):
 PSYoungGen      total 29696K, used 29664K [0x00000000eab00000, 0x00000000ecc00000, 0x0000000100000000)
  eden space 25600K, 100% used [0x00000000eab00000,0x00000000ec400000,0x00000000ec400000)
  from space 4096K, 99% used [0x00000000ec800000,0x00000000ecbf83f8,0x00000000ecc00000)
  to   space 4096K, 0% used [0x00000000ec400000,0x00000000ec400000,0x00000000ec800000)
 ParOldGen       total 68608K, used 7115K [0x00000000c0000000, 0x00000000c4300000, 0x00000000eab00000)
  object space 68608K, 10% used [0x00000000c0000000,0x00000000c06f2fb0,0x00000000c4300000)
 Metaspace       used 15955K, committed 16512K, reserved 1114112K
  class space    used 1552K, committed 1792K, reserved 1048576K
}
Event: 2.329 GC heap after
{Heap after GC invocations=5 (full 0):
 PSYoungGen      total 29184K, used 4076K [0x00000000eab00000, 0x00000000ece80000, 0x0000000100000000)
  eden space 25088K, 0% used [0x00000000eab00000,0x00000000eab00000,0x00000000ec380000)
  from space 4096K, 99% used [0x00000000ec400000,0x00000000ec7fb2b0,0x00000000ec800000)
  to   space 5632K, 0% used [0x00000000ec900000,0x00000000ec900000,0x00000000ece80000)
 ParOldGen       total 68608K, used 7966K [0x00000000c0000000, 0x00000000c4300000, 0x00000000eab00000)
  object space 68608K, 11% used [0x00000000c0000000,0x00000000c07c7b90,0x00000000c4300000)
 Metaspace       used 15955K, committed 16512K, reserved 1114112K
  class space    used 1552K, committed 1792K, reserved 1048576K
}

Dll operation events (10 events):
Event: 0.017 Loaded shared library c:\Users\Aayush Sharma\.cursor\extensions\redhat.java-1.41.1-win32-x64\jre\21.0.6-win32-x86_64\bin\java.dll
Event: 0.113 Loaded shared library c:\Users\Aayush Sharma\.cursor\extensions\redhat.java-1.41.1-win32-x64\jre\21.0.6-win32-x86_64\bin\zip.dll
Event: 0.198 Loaded shared library C:\Users\Aayush Sharma\.cursor\extensions\redhat.java-1.41.1-win32-x64\jre\21.0.6-win32-x86_64\bin\instrument.dll
Event: 0.216 Loaded shared library C:\Users\Aayush Sharma\.cursor\extensions\redhat.java-1.41.1-win32-x64\jre\21.0.6-win32-x86_64\bin\net.dll
Event: 0.219 Loaded shared library C:\Users\Aayush Sharma\.cursor\extensions\redhat.java-1.41.1-win32-x64\jre\21.0.6-win32-x86_64\bin\nio.dll
Event: 0.223 Loaded shared library C:\Users\Aayush Sharma\.cursor\extensions\redhat.java-1.41.1-win32-x64\jre\21.0.6-win32-x86_64\bin\zip.dll
Event: 0.247 Loaded shared library C:\Users\Aayush Sharma\.cursor\extensions\redhat.java-1.41.1-win32-x64\jre\21.0.6-win32-x86_64\bin\jimage.dll
Event: 0.336 Loaded shared library c:\Users\Aayush Sharma\.cursor\extensions\redhat.java-1.41.1-win32-x64\jre\21.0.6-win32-x86_64\bin\verify.dll
Event: 1.380 Loaded shared library C:\Users\Aayush Sharma\AppData\Roaming\Cursor\User\globalStorage\redhat.java\1.41.1\config_win\org.eclipse.equinox.launcher\org.eclipse.equinox.launcher.win32.win32.x86_64_1.2.1300.v20250331-1702\eclipse_11911.dll
Event: 2.413 Loaded shared library C:\Users\Aayush Sharma\AppData\Local\Temp\jna-2110167497\jna16113497505579015001.dll

Deoptimization events (20 events):
Event: 2.271 Thread 0x000002c5f96da440 Uncommon trap: trap_request=0xffffff45 fr.pc=0x000002c5e8b46654 relative=0x00000000000000b4
Event: 2.271 Thread 0x000002c5f96da440 Uncommon trap: reason=unstable_if action=reinterpret pc=0x000002c5e8b46654 method=org.eclipse.osgi.container.ModuleRevisionBuilder.unmodifiableMap(Ljava/util/Map;)Ljava/util/Map; @ 27 c2
Event: 2.271 Thread 0x000002c5f96da440 DEOPT PACKING pc=0x000002c5e8b46654 sp=0x000000dd7def9450
Event: 2.271 Thread 0x000002c5f96da440 DEOPT UNPACKING pc=0x000002c5e83a3aa2 sp=0x000000dd7def93d0 mode 2
Event: 2.301 Thread 0x000002c5f96da440 Uncommon trap: trap_request=0xffffff45 fr.pc=0x000002c5e8bfde28 relative=0x0000000000000168
Event: 2.301 Thread 0x000002c5f96da440 Uncommon trap: reason=unstable_if action=reinterpret pc=0x000002c5e8bfde28 method=java.io.DataInputStream.readFully([BII)V @ 37 c2
Event: 2.301 Thread 0x000002c5f96da440 DEOPT PACKING pc=0x000002c5e8bfde28 sp=0x000000dd7def90e0
Event: 2.301 Thread 0x000002c5f96da440 DEOPT UNPACKING pc=0x000002c5e83a3aa2 sp=0x000000dd7def9070 mode 2
Event: 2.329 Thread 0x000002c5f96da440 Uncommon trap: trap_request=0xffffff45 fr.pc=0x000002c5e8bc0390 relative=0x0000000000000070
Event: 2.329 Thread 0x000002c5f96da440 Uncommon trap: reason=unstable_if action=reinterpret pc=0x000002c5e8bc0390 method=java.lang.ref.ReferenceQueue.poll()Ljava/lang/ref/Reference; @ 4 c2
Event: 2.329 Thread 0x000002c5f96da440 DEOPT PACKING pc=0x000002c5e8bc0390 sp=0x000000dd7def4950
Event: 2.329 Thread 0x000002c5f96da440 DEOPT UNPACKING pc=0x000002c5e83a3aa2 sp=0x000000dd7def48d8 mode 2
Event: 2.334 Thread 0x000002c5f96da440 Uncommon trap: trap_request=0xffffff45 fr.pc=0x000002c5e8ad5ab0 relative=0x0000000000000670
Event: 2.334 Thread 0x000002c5f96da440 Uncommon trap: reason=unstable_if action=reinterpret pc=0x000002c5e8ad5ab0 method=java.lang.String.replace(Ljava/lang/CharSequence;Ljava/lang/CharSequence;)Ljava/lang/String; @ 42 c2
Event: 2.334 Thread 0x000002c5f96da440 DEOPT PACKING pc=0x000002c5e8ad5ab0 sp=0x000000dd7def71f0
Event: 2.334 Thread 0x000002c5f96da440 DEOPT UNPACKING pc=0x000002c5e83a3aa2 sp=0x000000dd7def7160 mode 2
Event: 2.450 Thread 0x000002c5f96da440 Uncommon trap: trap_request=0xffffff45 fr.pc=0x000002c5e8bf3ba4 relative=0x0000000000000084
Event: 2.450 Thread 0x000002c5f96da440 Uncommon trap: reason=unstable_if action=reinterpret pc=0x000002c5e8bf3ba4 method=java.lang.ref.SoftReference.get()Ljava/lang/Object; @ 6 c2
Event: 2.450 Thread 0x000002c5f96da440 DEOPT PACKING pc=0x000002c5e8bf3ba4 sp=0x000000dd7def9360
Event: 2.450 Thread 0x000002c5f96da440 DEOPT UNPACKING pc=0x000002c5e83a3aa2 sp=0x000000dd7def92f8 mode 2

Classes loaded (20 events):
Event: 2.422 Loading class java/lang/reflect/UndeclaredThrowableException
Event: 2.422 Loading class java/lang/reflect/UndeclaredThrowableException done
Event: 2.422 Loading class java/lang/Class$AnnotationData
Event: 2.422 Loading class java/lang/Class$AnnotationData done
Event: 2.423 Loading class jdk/internal/reflect/MethodHandleIntegerFieldAccessorImpl
Event: 2.423 Loading class jdk/internal/reflect/MethodHandleIntegerFieldAccessorImpl done
Event: 2.429 Loading class java/io/PrintWriter
Event: 2.429 Loading class java/io/PrintWriter done
Event: 2.433 Loading class jdk/internal/reflect/MethodHandleShortFieldAccessorImpl
Event: 2.433 Loading class jdk/internal/reflect/MethodHandleShortFieldAccessorImpl done
Event: 2.433 Loading class java/lang/Short$ShortCache
Event: 2.433 Loading class java/lang/Short$ShortCache done
Event: 2.446 Loading class java/util/function/LongUnaryOperator
Event: 2.446 Loading class java/util/function/LongUnaryOperator done
Event: 2.447 Loading class java/lang/ThreadDeath
Event: 2.447 Loading class java/lang/ThreadDeath done
Event: 2.451 Loading class java/util/stream/SortedOps$SizedRefSortingSink
Event: 2.452 Loading class java/util/stream/SortedOps$SizedRefSortingSink done
Event: 2.468 Loading class java/util/concurrent/atomic/Striped64$1
Event: 2.468 Loading class java/util/concurrent/atomic/Striped64$1 done

Classes unloaded (0 events):
No events

Classes redefined (0 events):
No events

Internal exceptions (20 events):
Event: 2.265 Thread 0x000002c5f96da440 Exception <a 'java/io/FileNotFoundException'{0x00000000ebe3f698}> (0x00000000ebe3f698) 
thrown [s\src\hotspot\share\prims\jni.cpp, line 520]
Event: 2.266 Thread 0x000002c5f96da440 Exception <a 'java/io/FileNotFoundException'{0x00000000ebe5e540}> (0x00000000ebe5e540) 
thrown [s\src\hotspot\share\prims\jni.cpp, line 520]
Event: 2.298 Thread 0x000002c5f96da440 Exception <a 'java/lang/NoSuchMethodError'{0x00000000ec10c890}: 'java.lang.Object java.lang.invoke.DirectMethodHandle$Holder.newInvokeSpecial(java.lang.Object, java.lang.Object, java.lang.Object, java.lang.Object, java.lang.Object)'> (0x00000000ec10c890) 
thrown [s\src\hotspot\share\interpreter\linkResolver.cpp, line 773]
Event: 2.315 Thread 0x000002c5f96da440 Exception <a 'java/lang/NoSuchMethodError'{0x00000000ec291db0}: 'java.lang.Object java.lang.invoke.DirectMethodHandle$Holder.invokeStaticInit(java.lang.Object, int)'> (0x00000000ec291db0) 
thrown [s\src\hotspot\share\interpreter\linkResolver.cpp, line 773]
Event: 2.336 Thread 0x000002c5f96da440 Exception <a 'java/lang/NoSuchMethodError'{0x00000000eac15df0}: 'java.lang.Object java.lang.invoke.DirectMethodHandle$Holder.invokeStaticInit(java.lang.Object, int, int, int, int)'> (0x00000000eac15df0) 
thrown [s\src\hotspot\share\interpreter\linkResolver.cpp, line 773]
Event: 2.352 Thread 0x000002c5f96da440 Exception <a 'java/lang/NoSuchMethodError'{0x00000000ead6d228}: 'java.lang.Object java.lang.invoke.DirectMethodHandle$Holder.invokeStaticInit(java.lang.Object, java.lang.Object, int, int, int, int)'> (0x00000000ead6d228) 
thrown [s\src\hotspot\share\interpreter\linkResolver.cpp, line 773]
Event: 2.423 Thread 0x000002c5f96da440 Exception <a 'java/lang/NoSuchMethodError'{0x00000000eaea1370}: 'void java.lang.invoke.DirectMethodHandle$Holder.invokeSpecial(java.lang.Object, java.lang.Object, java.lang.Object, int)'> (0x00000000eaea1370) 
thrown [s\src\hotspot\share\interpreter\linkResolver.cpp, line 773]
Event: 2.423 Thread 0x000002c5f96da440 Exception <a 'java/lang/NoSuchMethodError'{0x00000000eaea4d00}: 'void java.lang.invoke.DelegatingMethodHandle$Holder.reinvoke_L(java.lang.Object, java.lang.Object, int)'> (0x00000000eaea4d00) 
thrown [s\src\hotspot\share\interpreter\linkResolver.cpp, line 773]
Event: 2.424 Thread 0x000002c5f96da440 Exception <a 'java/lang/NoSuchMethodError'{0x00000000eaeaba38}: 'int java.lang.invoke.Invokers$Holder.invokeExact_MT(java.lang.Object, java.lang.Object, java.lang.Object)'> (0x00000000eaeaba38) 
thrown [s\src\hotspot\share\interpreter\linkResolver.cpp, line 773]
Event: 2.434 Thread 0x000002c5f96da440 Exception <a 'java/lang/NoSuchMethodError'{0x00000000eafc3360}: 'void java.lang.invoke.Invokers$Holder.invokeExact_MT(java.lang.Object, java.lang.Object, int, java.lang.Object)'> (0x00000000eafc3360) 
thrown [s\src\hotspot\share\interpreter\linkResolver.cpp, line 773]
Event: 2.446 Thread 0x000002c5f96da440 Exception <a 'java/lang/NoSuchMethodError'{0x00000000eb0d3c60}: 'java.lang.Object java.lang.invoke.DirectMethodHandle$Holder.invokeSpecial(java.lang.Object, java.lang.Object, java.lang.Object, long, java.lang.Object)'> (0x00000000eb0d3c60) 
thrown [s\src\hotspot\share\interpreter\linkResolver.cpp, line 773]
Event: 2.446 Thread 0x000002c5f96da440 Exception <a 'java/lang/NoSuchMethodError'{0x00000000eb0db3f0}: 'java.lang.Object java.lang.invoke.DirectMethodHandle$Holder.newInvokeSpecial(java.lang.Object, java.lang.Object, java.lang.Object, long)'> (0x00000000eb0db3f0) 
thrown [s\src\hotspot\share\interpreter\linkResolver.cpp, line 773]
Event: 2.446 Thread 0x000002c5f96da440 Exception <a 'java/lang/NoSuchMethodError'{0x00000000eb0df070}: 'java.lang.Object java.lang.invoke.Invokers$Holder.linkToTargetMethod(java.lang.Object, java.lang.Object, long, java.lang.Object)'> (0x00000000eb0df070) 
thrown [s\src\hotspot\share\interpreter\linkResolver.cpp, line 773]
Event: 2.451 Thread 0x000002c5f96da440 Exception <a 'java/lang/NoSuchMethodError'{0x00000000eb15fd28}: 'int java.lang.invoke.DirectMethodHandle$Holder.invokeStaticInit(java.lang.Object, java.lang.Object, java.lang.Object)'> (0x00000000eb15fd28) 
thrown [s\src\hotspot\share\interpreter\linkResolver.cpp, line 773]
Event: 2.456 Thread 0x000002c5f96da440 Exception <a 'java/lang/IncompatibleClassChangeError'{0x00000000eb1fdcd8}: Found class java.lang.Object, but interface was expected> (0x00000000eb1fdcd8) 
thrown [s\src\hotspot\share\interpreter\linkResolver.cpp, line 840]
Event: 2.459 Thread 0x000002c5f96da440 Exception <a 'java/lang/NoSuchMethodError'{0x00000000eb20f750}: 'java.lang.Object java.lang.invoke.DirectMethodHandle$Holder.invokeSpecial(java.lang.Object, java.lang.Object, java.lang.Object, int, java.lang.Object, java.lang.Object)'> (0x00000000eb20f750) 
thrown [s\src\hotspot\share\interpreter\linkResolver.cpp, line 773]
Event: 2.460 Thread 0x000002c5f96da440 Exception <a 'java/lang/NoSuchMethodError'{0x00000000eb216fe8}: 'java.lang.Object java.lang.invoke.DirectMethodHandle$Holder.newInvokeSpecial(java.lang.Object, java.lang.Object, java.lang.Object, int, java.lang.Object)'> (0x00000000eb216fe8) 
thrown [s\src\hotspot\share\interpreter\linkResolver.cpp, line 773]
Event: 2.460 Thread 0x000002c5f96da440 Exception <a 'java/lang/NoSuchMethodError'{0x00000000eb21aad8}: 'java.lang.Object java.lang.invoke.Invokers$Holder.linkToTargetMethod(java.lang.Object, java.lang.Object, int, java.lang.Object, java.lang.Object)'> (0x00000000eb21aad8) 
thrown [s\src\hotspot\share\interpreter\linkResolver.cpp, line 773]
Event: 2.460 Thread 0x000002c5f9fa0fe0 Exception <a 'java/lang/NoSuchMethodError'{0x00000000eb125d68}: 'java.lang.Object java.lang.invoke.DirectMethodHandle$Holder.invokeSpecial(java.lang.Object, java.lang.Object, int, java.lang.Object, java.lang.Object)'> (0x00000000eb125d68) 
thrown [s\src\hotspot\share\interpreter\linkResolver.cpp, line 773]
Event: 2.469 Thread 0x000002c5f96da440 Exception <a 'java/lang/NoSuchMethodError'{0x00000000eb32e670}: 'void java.lang.invoke.DirectMethodHandle$Holder.invokeSpecial(java.lang.Object, java.lang.Object, java.lang.Object, java.lang.Object, java.lang.Object)'> (0x00000000eb32e670) 
thrown [s\src\hotspot\share\interpreter\linkResolver.cpp, line 773]

ZGC Phase Switch (0 events):
No events

VM Operations (20 events):
Event: 1.633 Executing VM operation: ParallelGCFailedAllocation (Allocation Failure)
Event: 1.638 Executing VM operation: ParallelGCFailedAllocation (Allocation Failure) done
Event: 1.806 Executing VM operation: HandshakeAllThreads (Deoptimize)
Event: 1.806 Executing VM operation: HandshakeAllThreads (Deoptimize) done
Event: 1.872 Executing VM operation: HandshakeAllThreads (Deoptimize)
Event: 1.872 Executing VM operation: HandshakeAllThreads (Deoptimize) done
Event: 2.040 Executing VM operation: ParallelGCFailedAllocation (Allocation Failure)
Event: 2.043 Executing VM operation: ParallelGCFailedAllocation (Allocation Failure) done
Event: 2.272 Executing VM operation: HandshakeAllThreads (Deoptimize)
Event: 2.272 Executing VM operation: HandshakeAllThreads (Deoptimize) done
Event: 2.295 Executing VM operation: ICBufferFull
Event: 2.295 Executing VM operation: ICBufferFull done
Event: 2.320 Executing VM operation: HandshakeAllThreads (Deoptimize)
Event: 2.320 Executing VM operation: HandshakeAllThreads (Deoptimize) done
Event: 2.327 Executing VM operation: ParallelGCFailedAllocation (Allocation Failure)
Event: 2.329 Executing VM operation: ParallelGCFailedAllocation (Allocation Failure) done
Event: 2.347 Executing VM operation: HandshakeAllThreads (Deoptimize)
Event: 2.347 Executing VM operation: HandshakeAllThreads (Deoptimize) done
Event: 2.417 Executing VM operation: HandshakeAllThreads (Deoptimize)
Event: 2.417 Executing VM operation: HandshakeAllThreads (Deoptimize) done

Memory protections (0 events):
No events

Nmethod flushes (0 events):
No events

Events (20 events):
Event: 0.090 Thread 0x000002c5dddcd8f0 Thread added: 0x000002c5f36f2550
Event: 0.090 Thread 0x000002c5dddcd8f0 Thread added: 0x000002c5f36f3200
Event: 0.090 Thread 0x000002c5dddcd8f0 Thread added: 0x000002c5f36f82c0
Event: 0.445 Thread 0x000002c5ddd106d0 Thread added: 0x000002c5f902d730
Event: 0.532 Thread 0x000002c5f36f2550 Thread added: 0x000002c5f36f4c40
Event: 0.541 Thread 0x000002c5f36f3200 Thread added: 0x000002c5f36f59e0
Event: 0.993 Thread 0x000002c5dddcd8f0 Thread added: 0x000002c5f36f60b0
Event: 1.184 Thread 0x000002c5ddd106d0 Thread added: 0x000002c5f99fcef0
Event: 1.376 Thread 0x000002c5ddd106d0 Thread added: 0x000002c5f9895090
Event: 1.398 Thread 0x000002c5f9895090 Thread added: 0x000002c5f96d9510
Event: 1.400 Thread 0x000002c5ddd106d0 Thread added: 0x000002c5f96da440
Event: 1.623 Thread 0x000002c5f96da440 Thread added: 0x000002c5f9c15520
Event: 1.780 Thread 0x000002c5f96da440 Thread added: 0x000002c5fa3271c0
Event: 1.865 Thread 0x000002c5f96da440 Thread added: 0x000002c5fa1ad2b0
Event: 1.867 Thread 0x000002c5f36f60b0 Thread exited: 0x000002c5f36f60b0
Event: 1.869 Thread 0x000002c5f36f59e0 Thread exited: 0x000002c5f36f59e0
Event: 2.181 Thread 0x000002c5f96da440 Thread added: 0x000002c5f9f9e880
Event: 2.428 Thread 0x000002c5f96da440 Thread added: 0x000002c5f9f9db60
Event: 2.448 Thread 0x000002c5f96da440 Thread added: 0x000002c5f9fa0fe0
Event: 2.461 Thread 0x000002c5f96da440 Thread added: 0x000002c5f9f9e1f0


Dynamic libraries:
0x00007ff664490000 - 0x00007ff66449e000 	c:\Users\Aayush Sharma\.cursor\extensions\redhat.java-1.41.1-win32-x64\jre\21.0.6-win32-x86_64\bin\java.exe
0x00007ffd28ae0000 - 0x00007ffd28d43000 	C:\WINDOWS\SYSTEM32\ntdll.dll
0x00007ffd284b0000 - 0x00007ffd28577000 	C:\WINDOWS\System32\KERNEL32.DLL
0x00007ffd26220000 - 0x00007ffd265e9000 	C:\WINDOWS\System32\KERNELBASE.dll
0x00007ffd260d0000 - 0x00007ffd2621c000 	C:\WINDOWS\System32\ucrtbase.dll
0x00007ffcfa170000 - 0x00007ffcfa18e000 	c:\Users\Aayush Sharma\.cursor\extensions\redhat.java-1.41.1-win32-x64\jre\21.0.6-win32-x86_64\bin\VCRUNTIME140.dll
0x00007ffcfa2d0000 - 0x00007ffcfa2e8000 	c:\Users\Aayush Sharma\.cursor\extensions\redhat.java-1.41.1-win32-x64\jre\21.0.6-win32-x86_64\bin\jli.dll
0x00007ffd282d0000 - 0x00007ffd2849a000 	C:\WINDOWS\System32\USER32.dll
0x00007ffd0e510000 - 0x00007ffd0e7a0000 	C:\WINDOWS\WinSxS\amd64_microsoft.windows.common-controls_6595b64144ccf1df_6.0.26100.3323_none_3e088096e3344490\COMCTL32.dll
0x00007ffd265f0000 - 0x00007ffd26617000 	C:\WINDOWS\System32\win32u.dll
0x00007ffd28040000 - 0x00007ffd280e9000 	C:\WINDOWS\System32\msvcrt.dll
0x00007ffd27d90000 - 0x00007ffd27dba000 	C:\WINDOWS\System32\GDI32.dll
0x00007ffd25d70000 - 0x00007ffd25ea1000 	C:\WINDOWS\System32\gdi32full.dll
0x00007ffd26020000 - 0x00007ffd260c3000 	C:\WINDOWS\System32\msvcp_win.dll
0x00007ffd27210000 - 0x00007ffd2723f000 	C:\WINDOWS\System32\IMM32.DLL
0x00007ffd1e850000 - 0x00007ffd1e85c000 	c:\Users\Aayush Sharma\.cursor\extensions\redhat.java-1.41.1-win32-x64\jre\21.0.6-win32-x86_64\bin\vcruntime140_1.dll
0x00007ffcf3990000 - 0x00007ffcf3a1d000 	c:\Users\Aayush Sharma\.cursor\extensions\redhat.java-1.41.1-win32-x64\jre\21.0.6-win32-x86_64\bin\msvcp140.dll
0x00007ffc24ae0000 - 0x00007ffc25870000 	c:\Users\Aayush Sharma\.cursor\extensions\redhat.java-1.41.1-win32-x64\jre\21.0.6-win32-x86_64\bin\server\jvm.dll
0x00007ffd26c40000 - 0x00007ffd26cf2000 	C:\WINDOWS\System32\ADVAPI32.dll
0x00007ffd26a40000 - 0x00007ffd26ae6000 	C:\WINDOWS\System32\sechost.dll
0x00007ffd26910000 - 0x00007ffd26a26000 	C:\WINDOWS\System32\RPCRT4.dll
0x00007ffd27fc0000 - 0x00007ffd28034000 	C:\WINDOWS\System32\WS2_32.dll
0x00007ffd253a0000 - 0x00007ffd253ee000 	C:\WINDOWS\SYSTEM32\POWRPROF.dll
0x00007ffd158d0000 - 0x00007ffd15906000 	C:\WINDOWS\SYSTEM32\WINMM.dll
0x00007ffd1f660000 - 0x00007ffd1f66b000 	C:\WINDOWS\SYSTEM32\VERSION.dll
0x00007ffd25350000 - 0x00007ffd25364000 	C:\WINDOWS\SYSTEM32\UMPDC.dll
0x00007ffd24ae0000 - 0x00007ffd24afa000 	C:\WINDOWS\SYSTEM32\kernel.appcore.dll
0x00007ffd0c510000 - 0x00007ffd0c51a000 	c:\Users\Aayush Sharma\.cursor\extensions\redhat.java-1.41.1-win32-x64\jre\21.0.6-win32-x86_64\bin\jimage.dll
0x00007ffd13b00000 - 0x00007ffd13d41000 	C:\WINDOWS\SYSTEM32\DBGHELP.DLL
0x00007ffd26e80000 - 0x00007ffd27202000 	C:\WINDOWS\System32\combase.dll
0x00007ffd27310000 - 0x00007ffd273e6000 	C:\WINDOWS\System32\OLEAUT32.dll
0x00007ffc97a60000 - 0x00007ffc97a99000 	C:\WINDOWS\SYSTEM32\dbgcore.DLL
0x00007ffd266e0000 - 0x00007ffd26779000 	C:\WINDOWS\System32\bcryptPrimitives.dll
0x00007ffd20920000 - 0x00007ffd2092f000 	c:\Users\Aayush Sharma\.cursor\extensions\redhat.java-1.41.1-win32-x64\jre\21.0.6-win32-x86_64\bin\instrument.dll
0x00007ffcfbdc0000 - 0x00007ffcfbddf000 	c:\Users\Aayush Sharma\.cursor\extensions\redhat.java-1.41.1-win32-x64\jre\21.0.6-win32-x86_64\bin\java.dll
0x00007ffd274d0000 - 0x00007ffd27be5000 	C:\WINDOWS\System32\SHELL32.dll
0x00007ffd25eb0000 - 0x00007ffd26018000 	C:\WINDOWS\System32\wintypes.dll
0x00007ffd239a0000 - 0x00007ffd241e5000 	C:\WINDOWS\SYSTEM32\windows.storage.dll
0x00007ffd26d00000 - 0x00007ffd26deb000 	C:\WINDOWS\System32\SHCORE.dll
0x00007ffd27470000 - 0x00007ffd274cd000 	C:\WINDOWS\System32\shlwapi.dll
0x00007ffd25bf0000 - 0x00007ffd25c1f000 	C:\WINDOWS\SYSTEM32\profapi.dll
0x00007ffcf98f0000 - 0x00007ffcf9908000 	c:\Users\Aayush Sharma\.cursor\extensions\redhat.java-1.41.1-win32-x64\jre\21.0.6-win32-x86_64\bin\zip.dll
0x00007ffd09ac0000 - 0x00007ffd09ad0000 	C:\Users\Aayush Sharma\.cursor\extensions\redhat.java-1.41.1-win32-x64\jre\21.0.6-win32-x86_64\bin\net.dll
0x00007ffd1ee90000 - 0x00007ffd1efae000 	C:\WINDOWS\SYSTEM32\WINHTTP.dll
0x00007ffd25090000 - 0x00007ffd250fa000 	C:\WINDOWS\system32\mswsock.dll
0x00007ffcf7710000 - 0x00007ffcf7726000 	C:\Users\Aayush Sharma\.cursor\extensions\redhat.java-1.41.1-win32-x64\jre\21.0.6-win32-x86_64\bin\nio.dll
0x00007ffd1fce0000 - 0x00007ffd1fcf0000 	c:\Users\Aayush Sharma\.cursor\extensions\redhat.java-1.41.1-win32-x64\jre\21.0.6-win32-x86_64\bin\verify.dll
0x00007ffcda170000 - 0x00007ffcda1b5000 	C:\Users\Aayush Sharma\AppData\Roaming\Cursor\User\globalStorage\redhat.java\1.41.1\config_win\org.eclipse.equinox.launcher\org.eclipse.equinox.launcher.win32.win32.x86_64_1.2.1300.v20250331-1702\eclipse_11911.dll
0x00007ffd27bf0000 - 0x00007ffd27d85000 	C:\WINDOWS\System32\ole32.dll
0x00007ffd25370000 - 0x00007ffd2538c000 	C:\WINDOWS\SYSTEM32\CRYPTSP.dll
0x00007ffd24a30000 - 0x00007ffd24a6a000 	C:\WINDOWS\system32\rsaenh.dll
0x00007ffd25130000 - 0x00007ffd2515b000 	C:\WINDOWS\SYSTEM32\USERENV.dll
0x00007ffd25610000 - 0x00007ffd25636000 	C:\WINDOWS\SYSTEM32\bcrypt.dll
0x00007ffd25390000 - 0x00007ffd2539c000 	C:\WINDOWS\SYSTEM32\CRYPTBASE.dll
0x00007ffd244e0000 - 0x00007ffd24513000 	C:\WINDOWS\SYSTEM32\IPHLPAPI.DLL
0x00007ffd26a30000 - 0x00007ffd26a3a000 	C:\WINDOWS\System32\NSI.dll
0x00007ffc48e60000 - 0x00007ffc48ea9000 	C:\Users\Aayush Sharma\AppData\Local\Temp\jna-2110167497\jna16113497505579015001.dll
0x00007ffd284a0000 - 0x00007ffd284a8000 	C:\WINDOWS\System32\PSAPI.DLL

dbghelp: loaded successfully - version: 4.0.5 - missing functions: none
symbol engine: initialized successfully - sym options: 0x614 - pdb path: .;c:\Users\Aayush Sharma\.cursor\extensions\redhat.java-1.41.1-win32-x64\jre\21.0.6-win32-x86_64\bin;C:\WINDOWS\SYSTEM32;C:\WINDOWS\WinSxS\amd64_microsoft.windows.common-controls_6595b64144ccf1df_6.0.26100.3323_none_3e088096e3344490;c:\Users\Aayush Sharma\.cursor\extensions\redhat.java-1.41.1-win32-x64\jre\21.0.6-win32-x86_64\bin\server;C:\Users\Aayush Sharma\AppData\Roaming\Cursor\User\globalStorage\redhat.java\1.41.1\config_win\org.eclipse.equinox.launcher\org.eclipse.equinox.launcher.win32.win32.x86_64_1.2.1300.v20250331-1702;C:\Users\Aayush Sharma\AppData\Local\Temp\jna-2110167497

VM Arguments:
jvm_args: --add-modules=ALL-SYSTEM --add-opens=java.base/java.util=ALL-UNNAMED --add-opens=java.base/java.lang=ALL-UNNAMED --add-opens=java.base/sun.nio.fs=ALL-UNNAMED -Declipse.application=org.eclipse.jdt.ls.core.id1 -Dosgi.bundles.defaultStartLevel=4 -Declipse.product=org.eclipse.jdt.ls.core.product -Djava.import.generatesMetadataFilesAtProjectRoot=false -DDetectVMInstallationsJob.disabled=true -Dfile.encoding=utf8 -XX:+UseParallelGC -XX:GCTimeRatio=4 -XX:AdaptiveSizePolicyWeight=90 -Dsun.zip.disableMemoryMapping=true -Xmx1G -Xms100m -Xlog:disable -javaagent:c:\Users\Aayush Sharma\.cursor\extensions\redhat.java-1.41.1-win32-x64\lombok\lombok-1.18.36.jar -XX:+HeapDumpOnOutOfMemoryError -XX:HeapDumpPath=c:\Users\Aayush Sharma\AppData\Roaming\Cursor\User\workspaceStorage\bab741d56c7c031ad1e26c5444fbfa7e\redhat.java -Daether.dependencyCollector.impl=bf 
java_command: c:\Users\Aayush Sharma\.cursor\extensions\redhat.java-1.41.1-win32-x64\server\plugins\org.eclipse.equinox.launcher_1.7.0.v20250331-1702.jar -configuration c:\Users\Aayush Sharma\AppData\Roaming\Cursor\User\globalStorage\redhat.java\1.41.1\config_win -data c:\Users\Aayush Sharma\AppData\Roaming\Cursor\User\workspaceStorage\bab741d56c7c031ad1e26c5444fbfa7e\redhat.java\jdt_ws --pipe=\\.\pipe\lsp-32cd6e024a7407729485b0f57b260619-sock
java_class_path (initial): c:\Users\Aayush Sharma\.cursor\extensions\redhat.java-1.41.1-win32-x64\server\plugins\org.eclipse.equinox.launcher_1.7.0.v20250331-1702.jar
Launcher Type: SUN_STANDARD

[Global flags]
    uintx AdaptiveSizePolicyWeight                 = 90                                        {product} {command line}
     intx CICompilerCount                          = 12                                        {product} {ergonomic}
    uintx GCTimeRatio                              = 4                                         {product} {command line}
     bool HeapDumpOnOutOfMemoryError               = true                                   {manageable} {command line}
    ccstr HeapDumpPath                             = c:\Users\Aayush Sharma\AppData\Roaming\Cursor\User\workspaceStorage\bab741d56c7c031ad1e26c5444fbfa7e\redhat.java         {manageable} {command line}
   size_t InitialHeapSize                          = 104857600                                 {product} {command line}
   size_t MaxHeapSize                              = 1073741824                                {product} {command line}
   size_t MaxNewSize                               = 357564416                                 {product} {ergonomic}
   size_t MinHeapDeltaBytes                        = 524288                                    {product} {ergonomic}
   size_t MinHeapSize                              = 104857600                                 {product} {command line}
   size_t NewSize                                  = 34603008                                  {product} {ergonomic}
    uintx NonNMethodCodeHeapSize                   = 7602480                                {pd product} {ergonomic}
    uintx NonProfiledCodeHeapSize                  = 122027880                              {pd product} {ergonomic}
   size_t OldSize                                  = 70254592                                  {product} {ergonomic}
    uintx ProfiledCodeHeapSize                     = 122027880                              {pd product} {ergonomic}
    uintx ReservedCodeCacheSize                    = 251658240                              {pd product} {ergonomic}
     bool SegmentedCodeCache                       = true                                      {product} {ergonomic}
   size_t SoftMaxHeapSize                          = 1073741824                             {manageable} {ergonomic}
     bool UseCompressedOops                        = true                           {product lp64_product} {ergonomic}
     bool UseLargePagesIndividualAllocation        = false                                  {pd product} {ergonomic}
     bool UseParallelGC                            = true                                      {product} {command line}

Logging:
Log output configuration:
 #0: stdout all=off uptime,level,tags foldmultilines=false
 #1: stderr all=off uptime,level,tags foldmultilines=false

Environment Variables:
JAVA_HOME=C:\Program Files\Java\jdk-17.0.5
PATH=C:\Program Files\NVIDIA GPU Computing Toolkit\CUDA\v11.8\bin;C:\Program Files\NVIDIA GPU Computing Toolkit\CUDA\v11.8\libnvvp;C:\Program Files\NVIDIA GPU Computing Toolkit\CUDA\v12.6\bin;C:\Program Files\NVIDIA GPU Computing Toolkit\CUDA\v12.6\libnvvp;C:\Program Files\NVIDIA GPU Computing Toolkit\CUDA\v12.4\bin;C:\Program Files\NVIDIA GPU Computing Toolkit\CUDA\v12.4\libnvvp;C:\Program Files\Common Files\Oracle\Java\javapath;C:\Program Files (x86)\Common Files\Oracle\Java\java8path;C:\Program Files (x86)\Common Files\Oracle\Java\javapath;C:\Windows\system32;C:\Windows;C:\Windows\System32\Wbem;C:\Windows\System32\WindowsPowerShell\v1.0\;C:\Windows\System32\OpenSSH\;C:\Program Files (x86)\NVIDIA Corporation\PhysX\Common;C:\Program Files\Git\cmd;C:\Program Files\Git\mingw64\bin;C:\Program Files\Git\usr\bin;C:\Program Files\Microsoft SQL Server\150\Tools\Binn\;C:\Program Files\Microsoft SQL Server\Client SDK\ODBC\170\Tools\Binn\;C:\Program Files\HDF_Group\HDF5\1.14.0\bin\;C:\Program Files\HDF_Group\HDF5\1.12.0\bin\;C:\Program Files\HDF_Group\HDF5\1.10.8\bin\;C:\Program Files\HDF_Group\HDF5\1.10.9\bin\;C:\Program Files\dotnet\;C:\Program Files\MySQL\MySQL Server 8.0\bin;C:\cygwin64\bin;C:\Program Files\php-8.2.8-Win32-vs16-x64;C:\WINDOWS\system32;C:\WINDOWS;C:\WINDOWS\System32\Wbem;C:\WINDOWS\System32\WindowsPowerShell\v1.0\;C:\WINDOWS\System32\OpenSSH\;C:\Program Files (x86)\Microsoft SQL Server\160\Tools\Binn\;C:\Program Files\Microsoft SQL Server\160\Tools\Binn\;C:\Program Files\Microsoft SQL Server\160\DTS\Binn\;C:\Program Files\Azure Data Studio\bin;C:\Program Files\nodejs\;C:\Program Files (x86)\Windows Kits\10\Windows Performance Toolkit\;C:\Program Files\NVIDIA Corporation\Nsight Compute 2022.3.0\;C:\Program Files\NVIDIA Corporation\NVIDIA app\NvDLISR;C:\Program Files\Docker\Docker\resources\bin;C:\Users\Aayush Sharma\AppData\Local\Programs\Python\Python310\Scripts\;C:\Users\Aayush Sharma\AppData\Local\Programs\Python\Python310;C:\Program Files\MySQL\MySQL Shell 8.0\bin\;C:\Users\Aayush Sharma\.dotnet\tools;C:\Users\Aayush Sharma\AppData\Local\Microsoft\WindowsApps;C:\Users\Aayush Sharma\AppData\Local\GitHubDesktop\bin;C:\Users\Aayush Sharma\AppData\Roaming\bakkesmod\bakkesmod\bakkesmodsdk\lib;C:\Users\Aayush Sharma\AppData\Roaming\bakkesmod\bakkesmod\dll;C:\Users\Aayush Sharma\Documents\Bakkes\ExpPlugin\x64\Release;C:\MinGW;C:\MinGW\bin;C:\Program Files\Azure Data Studio\bin;C:\Users\Aayush Sharma\AppData\Roaming\npm;C:\Program Files\nodejs\;C:\Users\Aayush Sharma\AppData\Local\Programs\Microsoft VS Code\bin;C:\Users\Aayush Sharma\Downloads\cmake-3.30.2-windows-x86_64\cmake-3.30.2-windows-x86_64\bin;C:\ffmpeg\bin;C:\Users\Aayush Sharma\anaconda3\condabin;C:\Program Files\NVIDIA GPU Computing Toolkit\CUDA\v11.8\bin;C:\Program Files\NVIDIA GPU Computing Toolkit\CUDA\v11.8\libnvvp;C:\Users\Aayush Sharma\ngrok.exe;C:\Users\Aayush Sharma\AppData\Local\Google\Cloud SDK\google-cloud-sdk\bin;C:\dev\flutter\bin;C:\Users\Aayush Sharma\AppData\Local\Programs\cursor\resources\app\bin
USERNAME=Aayush Sharma
OS=Windows_NT
PROCESSOR_IDENTIFIER=AMD64 Family 25 Model 33 Stepping 2, AuthenticAMD
TMP=C:\Users\AAYUSH~1\AppData\Local\Temp
TEMP=C:\Users\AAYUSH~1\AppData\Local\Temp




Periodic native trim disabled

---------------  S Y S T E M  ---------------

OS:
 Windows 11 , 64 bit Build 26100 (10.0.26100.3323)
OS uptime: 0 days 5:54 hours
Hyper-V role detected

CPU: total 16 (initial active 16) (16 cores per cpu, 2 threads per core) family 25 model 33 stepping 2 microcode 0xa201210, cx8, cmov, fxsr, ht, mmx, 3dnowpref, sse, sse2, sse3, ssse3, sse4a, sse4.1, sse4.2, popcnt, lzcnt, tsc, tscinvbit, avx, avx2, aes, erms, clmul, bmi1, bmi2, adx, sha, fma, vzeroupper, clflush, clflushopt, hv, rdtscp, rdpid, fsrm, f16c, cet_ss
Processor Information for the first 16 processors :
  Max Mhz: 3001, Current Mhz: 3001, Mhz Limit: 3001

Memory: 4k page, system-wide physical 16310M (1364M free)
TotalPageFile size 35953M (AvailPageFile size 5M)
current process WorkingSet (physical memory assigned to process): 132M, peak: 132M
current process commit charge ("private bytes"): 251M, peak: 251M

vm_info: OpenJDK 64-Bit Server VM (21.0.6+7-LTS) for windows-amd64 JRE (21.0.6+7-LTS), built on 2025-01-21T00:00:00Z by "admin" with MS VC++ 17.7 (VS2022)

END.
