#
# There is insufficient memory for the Java Runtime Environment to continue.
# Native memory allocation (malloc) failed to allocate 1097376 bytes. Error detail: Chunk::new
# Possible reasons:
#   The system is out of physical RAM or swap space
#   This process is running with CompressedOops enabled, and the Java Heap may be blocking the growth of the native heap
# Possible solutions:
#   Reduce memory load on the system
#   Increase physical memory or swap space
#   Check if swap backing store is full
#   Decrease Java heap size (-Xmx/-Xms)
#   Decrease number of Java threads
#   Decrease Java thread stack sizes (-Xss)
#   Set larger code cache with -XX:ReservedCodeCacheSize=
#   JVM is running with Unscaled Compressed Oops mode in which the Java heap is
#     placed in the first 4GB address space. The Java Heap base address is the
#     maximum limit for the native heap growth. Please use -XX:HeapBaseMinAddress
#     to set the Java Heap base and to place the Java Heap above 4GB virtual address.
# This output file may be truncated or incomplete.
#
#  Out of Memory Error (arena.cpp:168), pid=33104, tid=36380
#
# JRE version: OpenJDK Runtime Environment Temurin-21.0.6+7 (21.0.6+7) (build 21.0.6+7-LTS)
# Java VM: OpenJDK 64-Bit Server VM Temurin-21.0.6+7 (21.0.6+7-LTS, mixed mode, sharing, tiered, compressed oops, compressed class ptrs, parallel gc, windows-amd64)
# No core dump will be written. Minidumps are not enabled by default on client versions of Windows
#

---------------  S U M M A R Y ------------

Command Line: --add-modules=ALL-SYSTEM --add-opens=java.base/java.util=ALL-UNNAMED --add-opens=java.base/java.lang=ALL-UNNAMED --add-opens=java.base/sun.nio.fs=ALL-UNNAMED -Declipse.application=org.eclipse.jdt.ls.core.id1 -Dosgi.bundles.defaultStartLevel=4 -Declipse.product=org.eclipse.jdt.ls.core.product -Djava.import.generatesMetadataFilesAtProjectRoot=false -DDetectVMInstallationsJob.disabled=true -Dfile.encoding=utf8 -XX:+UseParallelGC -XX:GCTimeRatio=4 -XX:AdaptiveSizePolicyWeight=90 -Dsun.zip.disableMemoryMapping=true -Xmx1G -Xms100m -Xlog:disable -javaagent:c:\Users\Aayush Sharma\.vscode\extensions\redhat.java-1.41.1-win32-x64\lombok\lombok-1.18.36.jar -XX:+HeapDumpOnOutOfMemoryError -XX:HeapDumpPath=c:\Users\Aayush Sharma\AppData\Roaming\Code\User\workspaceStorage\bab741d56c7c031ad1e26c5444fbfa7e\redhat.java -Daether.dependencyCollector.impl=bf c:\Users\Aayush Sharma\.vscode\extensions\redhat.java-1.41.1-win32-x64\server\plugins\org.eclipse.equinox.launcher_1.7.0.v20250331-1702.jar -configuration c:\Users\Aayush Sharma\AppData\Roaming\Code\User\globalStorage\redhat.java\1.41.1\config_win -data c:\Users\Aayush Sharma\AppData\Roaming\Code\User\workspaceStorage\bab741d56c7c031ad1e26c5444fbfa7e\redhat.java\jdt_ws --pipe=\\.\pipe\lsp-80dbc522a470b632e74e2e1e608d4004-sock

Host: AMD Ryzen 7 5700X3D 8-Core Processor           , 16 cores, 15G,  Windows 11 , 64 bit Build 26100 (10.0.26100.3323)
Time: Sun Apr  6 16:22:52 2025 Pacific Daylight Time elapsed time: 4.651970 seconds (0d 0h 0m 4s)

---------------  T H R E A D  ---------------

Current thread (0x000001a75b68afb0):  JavaThread "C2 CompilerThread1" daemon [_thread_in_native, id=36380, stack(0x0000002795400000,0x0000002795500000) (1024K)]


Current CompileTask:
C2:4652 6371       4       org.eclipse.osgi.internal.serviceregistry.ServiceRegistry::notifyHooksPrivileged (58 bytes)

Stack: [0x0000002795400000,0x0000002795500000]
Native frames: (J=compiled Java code, j=interpreted, Vv=VM code, C=native code)
V  [jvm.dll+0x6cdee9]
V  [jvm.dll+0x8a83d1]
V  [jvm.dll+0x8aa8fe]
V  [jvm.dll+0x8aafe3]
V  [jvm.dll+0x27f706]
V  [jvm.dll+0xc500d]
V  [jvm.dll+0xc5543]
V  [jvm.dll+0x3b678c]
V  [jvm.dll+0x1e0009]
V  [jvm.dll+0x247b42]
V  [jvm.dll+0x246fcf]
V  [jvm.dll+0x1c75ee]
V  [jvm.dll+0x25685a]
V  [jvm.dll+0x254dfa]
V  [jvm.dll+0x3f0256]
V  [jvm.dll+0x851f8b]
V  [jvm.dll+0x6cc5ed]
C  [ucrtbase.dll+0x37b0]
C  [KERNEL32.DLL+0x2e8d7]
C  [ntdll.dll+0xbbf6c]


---------------  P R O C E S S  ---------------

Threads class SMR info:
_java_thread_list=0x000001a761107c20, length=55, elements={
0x000001a70269c1c0, 0x000001a704c443f0, 0x000001a704c47670, 0x000001a704c4c940,
0x000001a704c4e750, 0x000001a704c52a00, 0x000001a704c56b80, 0x000001a704c5e340,
0x000001a75b4d6a00, 0x000001a75b5b9360, 0x000001a75b5f3810, 0x000001a75b5f3eb0,
0x000001a75b68afb0, 0x000001a75b81b680, 0x000001a761043c50, 0x000001a7611dfa80,
0x000001a7617a7cb0, 0x000001a7611cd730, 0x000001a76165f690, 0x000001a761659ff0,
0x000001a76165a650, 0x000001a762189120, 0x000001a761a237e0, 0x000001a761fea980,
0x000001a761fec160, 0x000001a761fec7f0, 0x000001a761fedba0, 0x000001a761fece80,
0x000001a761fed510, 0x000001a761fee230, 0x000001a761febad0, 0x000001a761fee8c0,
0x000001a761feb440, 0x000001a7646e7950, 0x000001a7646e44d0, 0x000001a7646e5880,
0x000001a7646e72c0, 0x000001a7646e4b60, 0x000001a7646e51f0, 0x000001a7646e8670,
0x000001a7646e5f10, 0x000001a7646e9a20, 0x000001a7646e65a0, 0x000001a7646e7fe0,
0x000001a7646e8d00, 0x000001a7646e9390, 0x000001a7646e6c30, 0x000001a7646eadd0,
0x000001a7646ea0b0, 0x000001a7648f8610, 0x000001a765442820, 0x000001a765442ec0,
0x000001a7646ea740, 0x000001a7646eb460, 0x000001a76415b5a0
}

Java Threads: ( => current thread )
  0x000001a70269c1c0 JavaThread "main"                              [_thread_blocked, id=7556, stack(0x0000002794500000,0x0000002794600000) (1024K)]
  0x000001a704c443f0 JavaThread "Reference Handler"          daemon [_thread_blocked, id=31580, stack(0x0000002794900000,0x0000002794a00000) (1024K)]
  0x000001a704c47670 JavaThread "Finalizer"                  daemon [_thread_blocked, id=40108, stack(0x0000002794a00000,0x0000002794b00000) (1024K)]
  0x000001a704c4c940 JavaThread "Signal Dispatcher"          daemon [_thread_blocked, id=40396, stack(0x0000002794b00000,0x0000002794c00000) (1024K)]
  0x000001a704c4e750 JavaThread "Attach Listener"            daemon [_thread_blocked, id=16712, stack(0x0000002794c00000,0x0000002794d00000) (1024K)]
  0x000001a704c52a00 JavaThread "Service Thread"             daemon [_thread_blocked, id=33168, stack(0x0000002794d00000,0x0000002794e00000) (1024K)]
  0x000001a704c56b80 JavaThread "Monitor Deflation Thread"   daemon [_thread_blocked, id=40636, stack(0x0000002794e00000,0x0000002794f00000) (1024K)]
  0x000001a704c5e340 JavaThread "C2 CompilerThread0"         daemon [_thread_blocked, id=40044, stack(0x0000002794f00000,0x0000002795000000) (1024K)]
  0x000001a75b4d6a00 JavaThread "C1 CompilerThread0"         daemon [_thread_blocked, id=40564, stack(0x0000002795000000,0x0000002795100000) (1024K)]
  0x000001a75b5b9360 JavaThread "Common-Cleaner"             daemon [_thread_blocked, id=39428, stack(0x0000002795100000,0x0000002795200000) (1024K)]
  0x000001a75b5f3810 JavaThread "C1 CompilerThread1"         daemon [_thread_blocked, id=32636, stack(0x0000002795200000,0x0000002795300000) (1024K)]
  0x000001a75b5f3eb0 JavaThread "C1 CompilerThread2"         daemon [_thread_blocked, id=33504, stack(0x0000002795300000,0x0000002795400000) (1024K)]
=>0x000001a75b68afb0 JavaThread "C2 CompilerThread1"         daemon [_thread_in_native, id=36380, stack(0x0000002795400000,0x0000002795500000) (1024K)]
  0x000001a75b81b680 JavaThread "C1 CompilerThread3"         daemon [_thread_blocked, id=37908, stack(0x0000002795500000,0x0000002795600000) (1024K)]
  0x000001a761043c50 JavaThread "Notification Thread"        daemon [_thread_blocked, id=40756, stack(0x0000002795600000,0x0000002795700000) (1024K)]
  0x000001a7611dfa80 JavaThread "C2 CompilerThread2"         daemon [_thread_blocked, id=7788, stack(0x0000002795700000,0x0000002795800000) (1024K)]
  0x000001a7617a7cb0 JavaThread "C2 CompilerThread3"         daemon [_thread_in_native, id=40732, stack(0x0000002795e00000,0x0000002795f00000) (1024K)]
  0x000001a7611cd730 JavaThread "Active Thread: Equinox Container: 5d96ca51-4dea-4162-9913-0a78eb3e9d99"        [_thread_blocked, id=40548, stack(0x0000002795f00000,0x0000002796000000) (1024K)]
  0x000001a76165f690 JavaThread "Refresh Thread: Equinox Container: 5d96ca51-4dea-4162-9913-0a78eb3e9d99" daemon [_thread_blocked, id=31292, stack(0x0000002796100000,0x0000002796200000) (1024K)]
  0x000001a761659ff0 JavaThread "Framework Event Dispatcher: Equinox Container: 5d96ca51-4dea-4162-9913-0a78eb3e9d99" daemon [_thread_blocked, id=28548, stack(0x0000002796200000,0x0000002796300000) (1024K)]
  0x000001a76165a650 JavaThread "Start Level: Equinox Container: 5d96ca51-4dea-4162-9913-0a78eb3e9d99" daemon [_thread_blocked, id=39452, stack(0x0000002796300000,0x0000002796400000) (1024K)]
  0x000001a762189120 JavaThread "Bundle File Closer"         daemon [_thread_blocked, id=27980, stack(0x0000002796400000,0x0000002796500000) (1024K)]
  0x000001a761a237e0 JavaThread "SCR Component Actor"        daemon [_thread_blocked, id=11144, stack(0x0000002796800000,0x0000002796900000) (1024K)]
  0x000001a761fea980 JavaThread "SCR Component Registry"     daemon [_thread_blocked, id=36956, stack(0x0000002796900000,0x0000002796a00000) (1024K)]
  0x000001a761fec160 JavaThread "Worker-JM"                         [_thread_blocked, id=34428, stack(0x0000002796c00000,0x0000002796d00000) (1024K)]
  0x000001a761fec7f0 JavaThread "JNA Cleaner"                daemon [_thread_blocked, id=25504, stack(0x0000002796d00000,0x0000002796e00000) (1024K)]
  0x000001a761fedba0 JavaThread "Worker-0: Initialize After Load"        [_thread_in_native, id=32560, stack(0x0000002796e00000,0x0000002796f00000) (1024K)]
  0x000001a761fece80 JavaThread "Worker-1"                          [_thread_blocked, id=40120, stack(0x0000002796f00000,0x0000002797000000) (1024K)]
  0x000001a761fed510 JavaThread "Java indexing"              daemon [_thread_blocked, id=8712, stack(0x0000002797000000,0x0000002797100000) (1024K)]
  0x000001a761fee230 JavaThread "Worker-2"                          [_thread_blocked, id=30084, stack(0x0000002797300000,0x0000002797400000) (1024K)]
  0x000001a761febad0 JavaThread "Worker-3"                          [_thread_blocked, id=37960, stack(0x0000002797400000,0x0000002797500000) (1024K)]
  0x000001a761fee8c0 JavaThread "Thread-2"                   daemon [_thread_in_native, id=28416, stack(0x0000002797500000,0x0000002797600000) (1024K)]
  0x000001a761feb440 JavaThread "Thread-3"                   daemon [_thread_in_native, id=34936, stack(0x0000002797600000,0x0000002797700000) (1024K)]
  0x000001a7646e7950 JavaThread "Thread-4"                   daemon [_thread_in_native, id=9460, stack(0x0000002797700000,0x0000002797800000) (1024K)]
  0x000001a7646e44d0 JavaThread "Thread-5"                   daemon [_thread_in_native, id=32880, stack(0x0000002797800000,0x0000002797900000) (1024K)]
  0x000001a7646e5880 JavaThread "Thread-6"                   daemon [_thread_in_native, id=30300, stack(0x0000002797900000,0x0000002797a00000) (1024K)]
  0x000001a7646e72c0 JavaThread "Thread-7"                   daemon [_thread_in_native, id=40484, stack(0x0000002797a00000,0x0000002797b00000) (1024K)]
  0x000001a7646e4b60 JavaThread "Thread-8"                   daemon [_thread_in_native, id=40184, stack(0x0000002797b00000,0x0000002797c00000) (1024K)]
  0x000001a7646e51f0 JavaThread "Thread-9"                   daemon [_thread_in_native, id=40876, stack(0x0000002797c00000,0x0000002797d00000) (1024K)]
  0x000001a7646e8670 JavaThread "Thread-10"                  daemon [_thread_in_native, id=40880, stack(0x0000002797d00000,0x0000002797e00000) (1024K)]
  0x000001a7646e5f10 JavaThread "Thread-11"                  daemon [_thread_in_native, id=14612, stack(0x0000002797e00000,0x0000002797f00000) (1024K)]
  0x000001a7646e9a20 JavaThread "Thread-12"                  daemon [_thread_in_native, id=39956, stack(0x0000002797f00000,0x0000002798000000) (1024K)]
  0x000001a7646e65a0 JavaThread "Thread-13"                  daemon [_thread_in_native, id=39948, stack(0x0000002798000000,0x0000002798100000) (1024K)]
  0x000001a7646e7fe0 JavaThread "Thread-14"                  daemon [_thread_in_native, id=35664, stack(0x0000002798100000,0x0000002798200000) (1024K)]
  0x000001a7646e8d00 JavaThread "Thread-15"                  daemon [_thread_in_native, id=35356, stack(0x0000002798200000,0x0000002798300000) (1024K)]
  0x000001a7646e9390 JavaThread "Thread-16"                  daemon [_thread_in_native, id=23924, stack(0x0000002798300000,0x0000002798400000) (1024K)]
  0x000001a7646e6c30 JavaThread "Thread-17"                  daemon [_thread_in_native, id=38156, stack(0x0000002798400000,0x0000002798500000) (1024K)]
  0x000001a7646eadd0 JavaThread "Thread-18"                  daemon [_thread_in_native, id=39276, stack(0x0000002798500000,0x0000002798600000) (1024K)]
  0x000001a7646ea0b0 JavaThread "pool-2-thread-1"                   [_thread_blocked, id=40000, stack(0x0000002798600000,0x0000002798700000) (1024K)]
  0x000001a7648f8610 JavaThread "C2 CompilerThread4"         daemon [_thread_in_native, id=30276, stack(0x0000002798700000,0x0000002798800000) (1024K)]
  0x000001a765442820 JavaThread "C2 CompilerThread5"         daemon [_thread_blocked, id=36400, stack(0x0000002798800000,0x0000002798900000) (1024K)]
  0x000001a765442ec0 JavaThread "C2 CompilerThread6"         daemon [_thread_blocked, id=39128, stack(0x0000002798900000,0x0000002798a00000) (1024K)]
  0x000001a7646ea740 JavaThread "WorkspaceEventsHandler"            [_thread_blocked, id=8736, stack(0x0000002798a00000,0x0000002798b00000) (1024K)]
  0x000001a7646eb460 JavaThread "pool-1-thread-1"                   [_thread_blocked, id=36696, stack(0x0000002798b00000,0x0000002798c00000) (1024K)]
  0x000001a76415b5a0 JavaThread "Worker-4"                          [_thread_blocked, id=41044, stack(0x0000002798c00000,0x0000002798d00000) (1024K)]
Total: 55

Other Threads:
  0x000001a704c43b80 VMThread "VM Thread"                           [id=26884, stack(0x0000002794800000,0x0000002794900000) (1024K)]
  0x000001a718e6ca00 WatcherThread "VM Periodic Task Thread"        [id=40412, stack(0x0000002794700000,0x0000002794800000) (1024K)]
  0x000001a704bbf750 WorkerThread "GC Thread#0"                     [id=40572, stack(0x0000002794600000,0x0000002794700000) (1024K)]
  0x000001a761a53010 WorkerThread "GC Thread#1"                     [id=36780, stack(0x0000002795800000,0x0000002795900000) (1024K)]
  0x000001a76193d180 WorkerThread "GC Thread#2"                     [id=40384, stack(0x0000002795900000,0x0000002795a00000) (1024K)]
  0x000001a76193d520 WorkerThread "GC Thread#3"                     [id=6696, stack(0x0000002795a00000,0x0000002795b00000) (1024K)]
  0x000001a76193d8c0 WorkerThread "GC Thread#4"                     [id=40432, stack(0x0000002795b00000,0x0000002795c00000) (1024K)]
  0x000001a7613c4960 WorkerThread "GC Thread#5"                     [id=33824, stack(0x0000002795c00000,0x0000002795d00000) (1024K)]
  0x000001a7613c4d00 WorkerThread "GC Thread#6"                     [id=37396, stack(0x0000002795d00000,0x0000002795e00000) (1024K)]
  0x000001a7614e6cc0 WorkerThread "GC Thread#7"                     [id=40248, stack(0x0000002796000000,0x0000002796100000) (1024K)]
  0x000001a761cd8510 WorkerThread "GC Thread#8"                     [id=37868, stack(0x0000002796500000,0x0000002796600000) (1024K)]
  0x000001a762108dc0 WorkerThread "GC Thread#9"                     [id=10496, stack(0x0000002796600000,0x0000002796700000) (1024K)]
  0x000001a76210a380 WorkerThread "GC Thread#10"                    [id=32748, stack(0x0000002796700000,0x0000002796800000) (1024K)]
  0x000001a762109160 WorkerThread "GC Thread#11"                    [id=33764, stack(0x0000002796a00000,0x0000002796b00000) (1024K)]
  0x000001a762109500 WorkerThread "GC Thread#12"                    [id=40744, stack(0x0000002796b00000,0x0000002796c00000) (1024K)]
Total: 15

Threads with active compile tasks:
C2 CompilerThread1  4678 6371       4       org.eclipse.osgi.internal.serviceregistry.ServiceRegistry::notifyHooksPrivileged (58 bytes)
C2 CompilerThread3  4678 6316       4       java.lang.invoke.MethodType::makeImpl (109 bytes)
C2 CompilerThread4  4678 6413 %     4       java.util.Properties::loadConvert @ 8 (540 bytes)
Total: 3

VM state: not at safepoint (normal execution)

VM Mutex/Monitor currently owned by a thread: None

Heap address: 0x00000000c0000000, size: 1024 MB, Compressed Oops mode: 32-bit

CDS archive(s) mapped at: [0x000001a719000000-0x000001a719ba0000-0x000001a719ba0000), size 12189696, SharedBaseAddress: 0x000001a719000000, ArchiveRelocationMode: 1.
Compressed class space mapped at: 0x000001a71a000000-0x000001a75a000000, reserved size: 1073741824
Narrow klass base: 0x000001a719000000, Narrow klass shift: 0, Narrow klass range: 0x100000000

GC Precious Log:
 CardTable entry size: 512
 CPUs: 16 total, 16 available
 Memory: 16310M
 Large Page Support: Disabled
 NUMA Support: Disabled
 Compressed Oops: Enabled (32-bit)
 Alignments: Space 512K, Generation 512K, Heap 2M
 Heap Min Capacity: 100M
 Heap Initial Capacity: 100M
 Heap Max Capacity: 1G
 Pre-touch: Disabled
 Parallel Workers: 13

Heap:
 PSYoungGen      total 24064K, used 6696K [0x00000000eab00000, 0x00000000ec600000, 0x0000000100000000)
  eden space 22016K, 23% used [0x00000000eab00000,0x00000000eaffa0a0,0x00000000ec080000)
  from space 2048K, 78% used [0x00000000ec280000,0x00000000ec410000,0x00000000ec480000)
  to   space 1536K, 0% used [0x00000000ec480000,0x00000000ec480000,0x00000000ec600000)
 ParOldGen       total 68608K, used 20778K [0x00000000c0000000, 0x00000000c4300000, 0x00000000eab00000)
  object space 68608K, 30% used [0x00000000c0000000,0x00000000c144a910,0x00000000c4300000)
 Metaspace       used 44229K, committed 45248K, reserved 1114112K
  class space    used 4685K, committed 5120K, reserved 1048576K

Card table byte_map: [0x000001a704540000,0x000001a704750000] _byte_map_base: 0x000001a703f40000

Marking Bits: (ParMarkBitMap*) 0x00007fffc5293260
 Begin Bits: [0x000001a716d90000, 0x000001a717d90000)
 End Bits:   [0x000001a717d90000, 0x000001a718d90000)

Polling page: 0x000001a702990000

Metaspace:

Usage:
  Non-class:     38.62 MB used.
      Class:      4.58 MB used.
       Both:     43.19 MB used.

Virtual space:
  Non-class space:       64.00 MB reserved,      39.19 MB ( 61%) committed,  1 nodes.
      Class space:        1.00 GB reserved,       5.00 MB ( <1%) committed,  1 nodes.
             Both:        1.06 GB reserved,      44.19 MB (  4%) committed. 

Chunk freelists:
   Non-Class:  8.75 MB
       Class:  10.81 MB
        Both:  19.56 MB

MaxMetaspaceSize: unlimited
CompressedClassSpaceSize: 1.00 GB
Initial GC threshold: 21.00 MB
Current GC threshold: 58.38 MB
CDS: on
 - commit_granule_bytes: 65536.
 - commit_granule_words: 8192.
 - virtual_space_node_default_size: 8388608.
 - enlarge_chunks_in_place: 1.
 - use_allocation_guard: 0.


Internal statistics:

num_allocs_failed_limit: 6.
num_arena_births: 746.
num_arena_deaths: 14.
num_vsnodes_births: 2.
num_vsnodes_deaths: 0.
num_space_committed: 707.
num_space_uncommitted: 0.
num_chunks_returned_to_freelist: 20.
num_chunks_taken_from_freelist: 2643.
num_chunk_merges: 12.
num_chunk_splits: 1689.
num_chunks_enlarged: 1045.
num_inconsistent_stats: 0.

CodeHeap 'non-profiled nmethods': size=119168Kb used=3160Kb max_used=3160Kb free=116008Kb
 bounds [0x000001a70f930000, 0x000001a70fc50000, 0x000001a716d90000]
CodeHeap 'profiled nmethods': size=119104Kb used=12299Kb max_used=12299Kb free=106804Kb
 bounds [0x000001a707d90000, 0x000001a7089a0000, 0x000001a70f1e0000]
CodeHeap 'non-nmethods': size=7488Kb used=3055Kb max_used=3123Kb free=4432Kb
 bounds [0x000001a70f1e0000, 0x000001a70f4f0000, 0x000001a70f930000]
 total_blobs=6505 nmethods=5839 adapters=569
 compilation: enabled
              stopped_count=0, restarted_count=0
 full_count=0

Compilation events (20 events):
Event: 4.631 Thread 0x000001a75b5f3eb0 6412       3       org.osgi.framework.Version::<init> (39 bytes)
Event: 4.631 Thread 0x000001a75b5f3810 6411       1       org.osgi.framework.Version::getMinor (5 bytes)
Event: 4.631 Thread 0x000001a75b5f3810 nmethod 6411 0x000001a70fc41d10 code [0x000001a70fc41ea0, 0x000001a70fc41f68]
Event: 4.632 Thread 0x000001a75b5f3eb0 nmethod 6412 0x000001a708983b90 code [0x000001a708983d40, 0x000001a708983f38]
Event: 4.632 Thread 0x000001a75b81b680 nmethod 6410 0x000001a708984010 code [0x000001a708984540, 0x000001a708986440]
Event: 4.633 Thread 0x000001a7648f8610 6413 %     4       java.util.Properties::loadConvert @ 8 (540 bytes)
Event: 4.635 Thread 0x000001a765442ec0 6414       4       java.lang.invoke.MethodHandles$Lookup::checkAccess (200 bytes)
Event: 4.640 Thread 0x000001a765442ec0 nmethod 6414 0x000001a70fc42010 code [0x000001a70fc421e0, 0x000001a70fc424b8]
Event: 4.646 Thread 0x000001a75b5f3810 6415       3       com.sun.org.apache.xerces.internal.impl.XMLScanner::<init> (158 bytes)
Event: 4.646 Thread 0x000001a75b5f3eb0 6416       3       com.sun.org.apache.xerces.internal.util.XMLAttributesImpl::<init> (7 bytes)
Event: 4.646 Thread 0x000001a75b81b680 6417       3       com.sun.org.apache.xerces.internal.util.XMLAttributesImpl::<init> (58 bytes)
Event: 4.646 Thread 0x000001a75b4d6a00 6418       3       com.sun.org.apache.xerces.internal.impl.dtd.XMLEntityDecl::<init> (5 bytes)
Event: 4.646 Thread 0x000001a75b5f3eb0 nmethod 6416 0x000001a708986f90 code [0x000001a708987140, 0x000001a708987280]
Event: 4.646 Thread 0x000001a75b4d6a00 nmethod 6418 0x000001a708987310 code [0x000001a7089874c0, 0x000001a708987628]
Event: 4.646 Thread 0x000001a75b5f3eb0 6419       3       com.sun.org.apache.xerces.internal.util.NamespaceSupport::<init> (31 bytes)
Event: 4.647 Thread 0x000001a75b5f3eb0 nmethod 6419 0x000001a708987710 code [0x000001a7089878c0, 0x000001a708987c38]
Event: 4.647 Thread 0x000001a75b81b680 nmethod 6417 0x000001a708987d10 code [0x000001a708987f40, 0x000001a7089889c0]
Event: 4.647 Thread 0x000001a765442820 6420       4       java.util.ArrayList$SubList::size (9 bytes)
Event: 4.647 Thread 0x000001a75b5f3810 nmethod 6415 0x000001a708988d90 code [0x000001a708989020, 0x000001a70898a068]
Event: 4.649 Thread 0x000001a765442820 nmethod 6420 0x000001a70fc42710 code [0x000001a70fc428a0, 0x000001a70fc42968]

GC Heap History (20 events):
Event: 2.349 GC heap before
{Heap before GC invocations=10 (full 1):
 PSYoungGen      total 24576K, used 24437K [0x00000000eab00000, 0x00000000ec900000, 0x0000000100000000)
  eden space 24064K, 100% used [0x00000000eab00000,0x00000000ec280000,0x00000000ec280000)
  from space 512K, 72% used [0x00000000ec880000,0x00000000ec8dd450,0x00000000ec900000)
  to   space 2048K, 0% used [0x00000000ec500000,0x00000000ec500000,0x00000000ec700000)
 ParOldGen       total 68608K, used 12950K [0x00000000c0000000, 0x00000000c4300000, 0x00000000eab00000)
  object space 68608K, 18% used [0x00000000c0000000,0x00000000c0ca5ba0,0x00000000c4300000)
 Metaspace       used 26276K, committed 27008K, reserved 1114112K
  class space    used 2466K, committed 2752K, reserved 1048576K
}
Event: 2.349 GC heap after
{Heap after GC invocations=10 (full 1):
 PSYoungGen      total 25600K, used 2024K [0x00000000eab00000, 0x00000000ec900000, 0x0000000100000000)
  eden space 23552K, 0% used [0x00000000eab00000,0x00000000eab00000,0x00000000ec200000)
  from space 2048K, 98% used [0x00000000ec500000,0x00000000ec6fa2b0,0x00000000ec700000)
  to   space 2048K, 0% used [0x00000000ec700000,0x00000000ec700000,0x00000000ec900000)
 ParOldGen       total 68608K, used 13030K [0x00000000c0000000, 0x00000000c4300000, 0x00000000eab00000)
  object space 68608K, 18% used [0x00000000c0000000,0x00000000c0cb9ba0,0x00000000c4300000)
 Metaspace       used 26276K, committed 27008K, reserved 1114112K
  class space    used 2466K, committed 2752K, reserved 1048576K
}
Event: 2.543 GC heap before
{Heap before GC invocations=11 (full 1):
 PSYoungGen      total 25600K, used 25576K [0x00000000eab00000, 0x00000000ec900000, 0x0000000100000000)
  eden space 23552K, 100% used [0x00000000eab00000,0x00000000ec200000,0x00000000ec200000)
  from space 2048K, 98% used [0x00000000ec500000,0x00000000ec6fa2b0,0x00000000ec700000)
  to   space 2048K, 0% used [0x00000000ec700000,0x00000000ec700000,0x00000000ec900000)
 ParOldGen       total 68608K, used 13030K [0x00000000c0000000, 0x00000000c4300000, 0x00000000eab00000)
  object space 68608K, 18% used [0x00000000c0000000,0x00000000c0cb9ba0,0x00000000c4300000)
 Metaspace       used 28826K, committed 29632K, reserved 1114112K
  class space    used 2703K, committed 3072K, reserved 1048576K
}
Event: 2.545 GC heap after
{Heap after GC invocations=11 (full 1):
 PSYoungGen      total 25088K, used 1619K [0x00000000eab00000, 0x00000000ec900000, 0x0000000100000000)
  eden space 23040K, 0% used [0x00000000eab00000,0x00000000eab00000,0x00000000ec180000)
  from space 2048K, 79% used [0x00000000ec700000,0x00000000ec894df8,0x00000000ec900000)
  to   space 2048K, 0% used [0x00000000ec500000,0x00000000ec500000,0x00000000ec700000)
 ParOldGen       total 68608K, used 14717K [0x00000000c0000000, 0x00000000c4300000, 0x00000000eab00000)
  object space 68608K, 21% used [0x00000000c0000000,0x00000000c0e5f698,0x00000000c4300000)
 Metaspace       used 28826K, committed 29632K, reserved 1114112K
  class space    used 2703K, committed 3072K, reserved 1048576K
}
Event: 2.752 GC heap before
{Heap before GC invocations=12 (full 1):
 PSYoungGen      total 25088K, used 24657K [0x00000000eab00000, 0x00000000ec900000, 0x0000000100000000)
  eden space 23040K, 99% used [0x00000000eab00000,0x00000000ec17f880,0x00000000ec180000)
  from space 2048K, 79% used [0x00000000ec700000,0x00000000ec894df8,0x00000000ec900000)
  to   space 2048K, 0% used [0x00000000ec500000,0x00000000ec500000,0x00000000ec700000)
 ParOldGen       total 68608K, used 14717K [0x00000000c0000000, 0x00000000c4300000, 0x00000000eab00000)
  object space 68608K, 21% used [0x00000000c0000000,0x00000000c0e5f698,0x00000000c4300000)
 Metaspace       used 31732K, committed 32704K, reserved 1114112K
  class space    used 3052K, committed 3456K, reserved 1048576K
}
Event: 2.753 GC heap after
{Heap after GC invocations=12 (full 1):
 PSYoungGen      total 24576K, used 1556K [0x00000000eab00000, 0x00000000ec780000, 0x0000000100000000)
  eden space 22528K, 0% used [0x00000000eab00000,0x00000000eab00000,0x00000000ec100000)
  from space 2048K, 75% used [0x00000000ec500000,0x00000000ec685120,0x00000000ec700000)
  to   space 512K, 0% used [0x00000000ec700000,0x00000000ec700000,0x00000000ec780000)
 ParOldGen       total 68608K, used 16158K [0x00000000c0000000, 0x00000000c4300000, 0x00000000eab00000)
  object space 68608K, 23% used [0x00000000c0000000,0x00000000c0fc7ba0,0x00000000c4300000)
 Metaspace       used 31732K, committed 32704K, reserved 1114112K
  class space    used 3052K, committed 3456K, reserved 1048576K
}
Event: 3.056 GC heap before
{Heap before GC invocations=13 (full 1):
 PSYoungGen      total 24576K, used 24084K [0x00000000eab00000, 0x00000000ec780000, 0x0000000100000000)
  eden space 22528K, 100% used [0x00000000eab00000,0x00000000ec100000,0x00000000ec100000)
  from space 2048K, 75% used [0x00000000ec500000,0x00000000ec685120,0x00000000ec700000)
  to   space 512K, 0% used [0x00000000ec700000,0x00000000ec700000,0x00000000ec780000)
 ParOldGen       total 68608K, used 16158K [0x00000000c0000000, 0x00000000c4300000, 0x00000000eab00000)
  object space 68608K, 23% used [0x00000000c0000000,0x00000000c0fc7ba0,0x00000000c4300000)
 Metaspace       used 34457K, committed 35520K, reserved 1114112K
  class space    used 3416K, committed 3840K, reserved 1048576K
}
Event: 3.057 GC heap after
{Heap after GC invocations=13 (full 1):
 PSYoungGen      total 22528K, used 512K [0x00000000eab00000, 0x00000000ec780000, 0x0000000100000000)
  eden space 22016K, 0% used [0x00000000eab00000,0x00000000eab00000,0x00000000ec080000)
  from space 512K, 100% used [0x00000000ec700000,0x00000000ec780000,0x00000000ec780000)
  to   space 3072K, 0% used [0x00000000ec180000,0x00000000ec180000,0x00000000ec480000)
 ParOldGen       total 68608K, used 18440K [0x00000000c0000000, 0x00000000c4300000, 0x00000000eab00000)
  object space 68608K, 26% used [0x00000000c0000000,0x00000000c12023f0,0x00000000c4300000)
 Metaspace       used 34457K, committed 35520K, reserved 1114112K
  class space    used 3416K, committed 3840K, reserved 1048576K
}
Event: 3.103 GC heap before
{Heap before GC invocations=14 (full 1):
 PSYoungGen      total 22528K, used 3270K [0x00000000eab00000, 0x00000000ec780000, 0x0000000100000000)
  eden space 22016K, 12% used [0x00000000eab00000,0x00000000eadb1a40,0x00000000ec080000)
  from space 512K, 100% used [0x00000000ec700000,0x00000000ec780000,0x00000000ec780000)
  to   space 3072K, 0% used [0x00000000ec180000,0x00000000ec180000,0x00000000ec480000)
 ParOldGen       total 68608K, used 18440K [0x00000000c0000000, 0x00000000c4300000, 0x00000000eab00000)
  object space 68608K, 26% used [0x00000000c0000000,0x00000000c12023f0,0x00000000c4300000)
 Metaspace       used 34850K, committed 35840K, reserved 1114112K
  class space    used 3458K, committed 3904K, reserved 1048576K
}
Event: 3.105 GC heap after
{Heap after GC invocations=14 (full 1):
 PSYoungGen      total 25088K, used 432K [0x00000000eab00000, 0x00000000ec780000, 0x0000000100000000)
  eden space 22016K, 0% used [0x00000000eab00000,0x00000000eab00000,0x00000000ec080000)
  from space 3072K, 14% used [0x00000000ec180000,0x00000000ec1ec010,0x00000000ec480000)
  to   space 1536K, 0% used [0x00000000ec600000,0x00000000ec600000,0x00000000ec780000)
 ParOldGen       total 68608K, used 18973K [0x00000000c0000000, 0x00000000c4300000, 0x00000000eab00000)
  object space 68608K, 27% used [0x00000000c0000000,0x00000000c1287540,0x00000000c4300000)
 Metaspace       used 34850K, committed 35840K, reserved 1114112K
  class space    used 3458K, committed 3904K, reserved 1048576K
}
Event: 3.105 GC heap before
{Heap before GC invocations=15 (full 2):
 PSYoungGen      total 25088K, used 432K [0x00000000eab00000, 0x00000000ec780000, 0x0000000100000000)
  eden space 22016K, 0% used [0x00000000eab00000,0x00000000eab00000,0x00000000ec080000)
  from space 3072K, 14% used [0x00000000ec180000,0x00000000ec1ec010,0x00000000ec480000)
  to   space 1536K, 0% used [0x00000000ec600000,0x00000000ec600000,0x00000000ec780000)
 ParOldGen       total 68608K, used 18973K [0x00000000c0000000, 0x00000000c4300000, 0x00000000eab00000)
  object space 68608K, 27% used [0x00000000c0000000,0x00000000c1287540,0x00000000c4300000)
 Metaspace       used 34850K, committed 35840K, reserved 1114112K
  class space    used 3458K, committed 3904K, reserved 1048576K
}
Event: 3.128 GC heap after
{Heap after GC invocations=15 (full 2):
 PSYoungGen      total 25088K, used 0K [0x00000000eab00000, 0x00000000ec780000, 0x0000000100000000)
  eden space 22016K, 0% used [0x00000000eab00000,0x00000000eab00000,0x00000000ec080000)
  from space 3072K, 0% used [0x00000000ec180000,0x00000000ec180000,0x00000000ec480000)
  to   space 1536K, 0% used [0x00000000ec600000,0x00000000ec600000,0x00000000ec780000)
 ParOldGen       total 68608K, used 18322K [0x00000000c0000000, 0x00000000c4300000, 0x00000000eab00000)
  object space 68608K, 26% used [0x00000000c0000000,0x00000000c11e4910,0x00000000c4300000)
 Metaspace       used 34850K, committed 35840K, reserved 1114112K
  class space    used 3458K, committed 3904K, reserved 1048576K
}
Event: 3.504 GC heap before
{Heap before GC invocations=16 (full 2):
 PSYoungGen      total 25088K, used 22016K [0x00000000eab00000, 0x00000000ec780000, 0x0000000100000000)
  eden space 22016K, 100% used [0x00000000eab00000,0x00000000ec080000,0x00000000ec080000)
  from space 3072K, 0% used [0x00000000ec180000,0x00000000ec180000,0x00000000ec480000)
  to   space 1536K, 0% used [0x00000000ec600000,0x00000000ec600000,0x00000000ec780000)
 ParOldGen       total 68608K, used 18322K [0x00000000c0000000, 0x00000000c4300000, 0x00000000eab00000)
  object space 68608K, 26% used [0x00000000c0000000,0x00000000c11e4910,0x00000000c4300000)
 Metaspace       used 36745K, committed 37760K, reserved 1114112K
  class space    used 3732K, committed 4160K, reserved 1048576K
}
Event: 3.506 GC heap after
{Heap after GC invocations=16 (full 2):
 PSYoungGen      total 23552K, used 1309K [0x00000000eab00000, 0x00000000ec780000, 0x0000000100000000)
  eden space 22016K, 0% used [0x00000000eab00000,0x00000000eab00000,0x00000000ec080000)
  from space 1536K, 85% used [0x00000000ec600000,0x00000000ec747680,0x00000000ec780000)
  to   space 1536K, 0% used [0x00000000ec480000,0x00000000ec480000,0x00000000ec600000)
 ParOldGen       total 68608K, used 18330K [0x00000000c0000000, 0x00000000c4300000, 0x00000000eab00000)
  object space 68608K, 26% used [0x00000000c0000000,0x00000000c11e6910,0x00000000c4300000)
 Metaspace       used 36745K, committed 37760K, reserved 1114112K
  class space    used 3732K, committed 4160K, reserved 1048576K
}
Event: 3.999 GC heap before
{Heap before GC invocations=17 (full 2):
 PSYoungGen      total 23552K, used 23325K [0x00000000eab00000, 0x00000000ec780000, 0x0000000100000000)
  eden space 22016K, 100% used [0x00000000eab00000,0x00000000ec080000,0x00000000ec080000)
  from space 1536K, 85% used [0x00000000ec600000,0x00000000ec747680,0x00000000ec780000)
  to   space 1536K, 0% used [0x00000000ec480000,0x00000000ec480000,0x00000000ec600000)
 ParOldGen       total 68608K, used 18330K [0x00000000c0000000, 0x00000000c4300000, 0x00000000eab00000)
  object space 68608K, 26% used [0x00000000c0000000,0x00000000c11e6910,0x00000000c4300000)
 Metaspace       used 38548K, committed 39616K, reserved 1114112K
  class space    used 3955K, committed 4416K, reserved 1048576K
}
Event: 3.999 GC heap after
{Heap after GC invocations=17 (full 2):
 PSYoungGen      total 23040K, used 800K [0x00000000eab00000, 0x00000000ec680000, 0x0000000100000000)
  eden space 22016K, 0% used [0x00000000eab00000,0x00000000eab00000,0x00000000ec080000)
  from space 1024K, 78% used [0x00000000ec480000,0x00000000ec548000,0x00000000ec580000)
  to   space 1024K, 0% used [0x00000000ec580000,0x00000000ec580000,0x00000000ec680000)
 ParOldGen       total 68608K, used 19234K [0x00000000c0000000, 0x00000000c4300000, 0x00000000eab00000)
  object space 68608K, 28% used [0x00000000c0000000,0x00000000c12c8910,0x00000000c4300000)
 Metaspace       used 38548K, committed 39616K, reserved 1114112K
  class space    used 3955K, committed 4416K, reserved 1048576K
}
Event: 4.272 GC heap before
{Heap before GC invocations=18 (full 2):
 PSYoungGen      total 23040K, used 22801K [0x00000000eab00000, 0x00000000ec680000, 0x0000000100000000)
  eden space 22016K, 99% used [0x00000000eab00000,0x00000000ec07c7c8,0x00000000ec080000)
  from space 1024K, 78% used [0x00000000ec480000,0x00000000ec548000,0x00000000ec580000)
  to   space 1024K, 0% used [0x00000000ec580000,0x00000000ec580000,0x00000000ec680000)
 ParOldGen       total 68608K, used 19234K [0x00000000c0000000, 0x00000000c4300000, 0x00000000eab00000)
  object space 68608K, 28% used [0x00000000c0000000,0x00000000c12c8910,0x00000000c4300000)
 Metaspace       used 41117K, committed 42240K, reserved 1114112K
  class space    used 4284K, committed 4736K, reserved 1048576K
}
Event: 4.272 GC heap after
{Heap after GC invocations=18 (full 2):
 PSYoungGen      total 23040K, used 1024K [0x00000000eab00000, 0x00000000ec680000, 0x0000000100000000)
  eden space 22016K, 0% used [0x00000000eab00000,0x00000000eab00000,0x00000000ec080000)
  from space 1024K, 100% used [0x00000000ec580000,0x00000000ec680000,0x00000000ec680000)
  to   space 2048K, 0% used [0x00000000ec280000,0x00000000ec280000,0x00000000ec480000)
 ParOldGen       total 68608K, used 19874K [0x00000000c0000000, 0x00000000c4300000, 0x00000000eab00000)
  object space 68608K, 28% used [0x00000000c0000000,0x00000000c1368910,0x00000000c4300000)
 Metaspace       used 41117K, committed 42240K, reserved 1114112K
  class space    used 4284K, committed 4736K, reserved 1048576K
}
Event: 4.586 GC heap before
{Heap before GC invocations=19 (full 2):
 PSYoungGen      total 23040K, used 23040K [0x00000000eab00000, 0x00000000ec680000, 0x0000000100000000)
  eden space 22016K, 100% used [0x00000000eab00000,0x00000000ec080000,0x00000000ec080000)
  from space 1024K, 100% used [0x00000000ec580000,0x00000000ec680000,0x00000000ec680000)
  to   space 2048K, 0% used [0x00000000ec280000,0x00000000ec280000,0x00000000ec480000)
 ParOldGen       total 68608K, used 19874K [0x00000000c0000000, 0x00000000c4300000, 0x00000000eab00000)
  object space 68608K, 28% used [0x00000000c0000000,0x00000000c1368910,0x00000000c4300000)
 Metaspace       used 43685K, committed 44800K, reserved 1114112K
  class space    used 4618K, committed 5056K, reserved 1048576K
}
Event: 4.587 GC heap after
{Heap after GC invocations=19 (full 2):
 PSYoungGen      total 24064K, used 1600K [0x00000000eab00000, 0x00000000ec600000, 0x0000000100000000)
  eden space 22016K, 0% used [0x00000000eab00000,0x00000000eab00000,0x00000000ec080000)
  from space 2048K, 78% used [0x00000000ec280000,0x00000000ec410000,0x00000000ec480000)
  to   space 1536K, 0% used [0x00000000ec480000,0x00000000ec480000,0x00000000ec600000)
 ParOldGen       total 68608K, used 20778K [0x00000000c0000000, 0x00000000c4300000, 0x00000000eab00000)
  object space 68608K, 30% used [0x00000000c0000000,0x00000000c144a910,0x00000000c4300000)
 Metaspace       used 43685K, committed 44800K, reserved 1114112K
  class space    used 4618K, committed 5056K, reserved 1048576K
}

Dll operation events (10 events):
Event: 0.008 Loaded shared library c:\Users\Aayush Sharma\.vscode\extensions\redhat.java-1.41.1-win32-x64\jre\21.0.6-win32-x86_64\bin\java.dll
Event: 0.052 Loaded shared library c:\Users\Aayush Sharma\.vscode\extensions\redhat.java-1.41.1-win32-x64\jre\21.0.6-win32-x86_64\bin\zip.dll
Event: 0.068 Loaded shared library C:\Users\Aayush Sharma\.vscode\extensions\redhat.java-1.41.1-win32-x64\jre\21.0.6-win32-x86_64\bin\instrument.dll
Event: 0.072 Loaded shared library C:\Users\Aayush Sharma\.vscode\extensions\redhat.java-1.41.1-win32-x64\jre\21.0.6-win32-x86_64\bin\net.dll
Event: 0.074 Loaded shared library C:\Users\Aayush Sharma\.vscode\extensions\redhat.java-1.41.1-win32-x64\jre\21.0.6-win32-x86_64\bin\nio.dll
Event: 0.077 Loaded shared library C:\Users\Aayush Sharma\.vscode\extensions\redhat.java-1.41.1-win32-x64\jre\21.0.6-win32-x86_64\bin\zip.dll
Event: 0.089 Loaded shared library C:\Users\Aayush Sharma\.vscode\extensions\redhat.java-1.41.1-win32-x64\jre\21.0.6-win32-x86_64\bin\jimage.dll
Event: 0.146 Loaded shared library c:\Users\Aayush Sharma\.vscode\extensions\redhat.java-1.41.1-win32-x64\jre\21.0.6-win32-x86_64\bin\verify.dll
Event: 0.915 Loaded shared library C:\Users\Aayush Sharma\AppData\Roaming\Code\User\globalStorage\redhat.java\1.41.1\config_win\org.eclipse.equinox.launcher\org.eclipse.equinox.launcher.win32.win32.x86_64_1.2.1300.v20250331-1702\eclipse_11911.dll
Event: 1.764 Loaded shared library C:\Users\Aayush Sharma\AppData\Local\Temp\jna-2110167497\jna11511586594197595261.dll

Deoptimization events (20 events):
Event: 4.622 Thread 0x000001a761fedba0 DEOPT PACKING pc=0x000001a70f9f0fe8 sp=0x0000002796efec50
Event: 4.622 Thread 0x000001a761fedba0 DEOPT UNPACKING pc=0x000001a70f233aa2 sp=0x0000002796efeb78 mode 2
Event: 4.627 Thread 0x000001a761fedba0 DEOPT PACKING pc=0x000001a7087589a6 sp=0x0000002796efea60
Event: 4.627 Thread 0x000001a761fedba0 DEOPT UNPACKING pc=0x000001a70f234242 sp=0x0000002796efdf50 mode 0
Event: 4.628 Thread 0x000001a761fedba0 DEOPT PACKING pc=0x000001a7087589a6 sp=0x0000002796efea60
Event: 4.628 Thread 0x000001a761fedba0 DEOPT UNPACKING pc=0x000001a70f234242 sp=0x0000002796efdf50 mode 0
Event: 4.629 Thread 0x000001a761fedba0 DEOPT PACKING pc=0x000001a7087589a6 sp=0x0000002796efea60
Event: 4.629 Thread 0x000001a761fedba0 DEOPT UNPACKING pc=0x000001a70f234242 sp=0x0000002796efdf50 mode 0
Event: 4.629 Thread 0x000001a761fedba0 DEOPT PACKING pc=0x000001a7087589a6 sp=0x0000002796efea60
Event: 4.629 Thread 0x000001a761fedba0 DEOPT UNPACKING pc=0x000001a70f234242 sp=0x0000002796efdf50 mode 0
Event: 4.630 Thread 0x000001a761fedba0 DEOPT PACKING pc=0x000001a7087589a6 sp=0x0000002796efea60
Event: 4.630 Thread 0x000001a761fedba0 DEOPT UNPACKING pc=0x000001a70f234242 sp=0x0000002796efdf50 mode 0
Event: 4.634 Thread 0x000001a761fedba0 DEOPT PACKING pc=0x000001a7087589a6 sp=0x0000002796efdf10
Event: 4.634 Thread 0x000001a761fedba0 DEOPT UNPACKING pc=0x000001a70f234242 sp=0x0000002796efd400 mode 0
Event: 4.634 Thread 0x000001a761fedba0 DEOPT PACKING pc=0x000001a7087589a6 sp=0x0000002796efdf10
Event: 4.634 Thread 0x000001a761fedba0 DEOPT UNPACKING pc=0x000001a70f234242 sp=0x0000002796efd400 mode 0
Event: 4.642 Thread 0x000001a761fedba0 Uncommon trap: trap_request=0xffffff45 fr.pc=0x000001a70fac2b88 relative=0x0000000000001ba8
Event: 4.642 Thread 0x000001a761fedba0 Uncommon trap: reason=unstable_if action=reinterpret pc=0x000001a70fac2b88 method=sun.nio.fs.WindowsPathParser.nextNonSlash(Ljava/lang/String;II)I @ 2 c2
Event: 4.642 Thread 0x000001a761fedba0 DEOPT PACKING pc=0x000001a70fac2b88 sp=0x0000002796efdae0
Event: 4.642 Thread 0x000001a761fedba0 DEOPT UNPACKING pc=0x000001a70f233aa2 sp=0x0000002796efda70 mode 2

Classes loaded (20 events):
Event: 4.267 Loading class java/lang/ExceptionInInitializerError
Event: 4.268 Loading class java/lang/ExceptionInInitializerError done
Event: 4.468 Loading class java/lang/ProcessEnvironment$CheckedKeySet
Event: 4.468 Loading class java/lang/ProcessEnvironment$CheckedKeySet done
Event: 4.582 Loading class java/util/regex/Pattern$Pos
Event: 4.582 Loading class java/util/regex/Pattern$Pos done
Event: 4.598 Loading class sun/security/provider/MD5
Event: 4.599 Loading class sun/security/provider/MD5 done
Event: 4.599 Loading class sun/security/provider/ByteArrayAccess$LE
Event: 4.599 Loading class sun/security/provider/ByteArrayAccess$LE done
Event: 4.602 Loading class java/util/stream/MatchOps$MatchKind
Event: 4.603 Loading class java/util/stream/MatchOps$MatchKind done
Event: 4.603 Loading class java/util/stream/MatchOps
Event: 4.603 Loading class java/util/stream/MatchOps done
Event: 4.603 Loading class java/util/stream/MatchOps$MatchOp
Event: 4.603 Loading class java/util/stream/MatchOps$MatchOp done
Event: 4.603 Loading class java/util/stream/MatchOps$BooleanTerminalSink
Event: 4.603 Loading class java/util/stream/MatchOps$BooleanTerminalSink done
Event: 4.603 Loading class java/util/stream/MatchOps$1MatchSink
Event: 4.603 Loading class java/util/stream/MatchOps$1MatchSink done

Classes unloaded (7 events):
Event: 2.101 Thread 0x000001a704c43b80 Unloading class 0x000001a71a19cc00 'java/lang/invoke/LambdaForm$MH+0x000001a71a19cc00'
Event: 2.101 Thread 0x000001a704c43b80 Unloading class 0x000001a71a19c800 'java/lang/invoke/LambdaForm$MH+0x000001a71a19c800'
Event: 2.101 Thread 0x000001a704c43b80 Unloading class 0x000001a71a19c400 'java/lang/invoke/LambdaForm$MH+0x000001a71a19c400'
Event: 2.101 Thread 0x000001a704c43b80 Unloading class 0x000001a71a19c000 'java/lang/invoke/LambdaForm$MH+0x000001a71a19c000'
Event: 2.101 Thread 0x000001a704c43b80 Unloading class 0x000001a71a19bc00 'java/lang/invoke/LambdaForm$BMH+0x000001a71a19bc00'
Event: 2.101 Thread 0x000001a704c43b80 Unloading class 0x000001a71a19b800 'java/lang/invoke/LambdaForm$DMH+0x000001a71a19b800'
Event: 2.101 Thread 0x000001a704c43b80 Unloading class 0x000001a71a19a400 'java/lang/invoke/LambdaForm$DMH+0x000001a71a19a400'

Classes redefined (0 events):
No events

Internal exceptions (20 events):
Event: 2.845 Thread 0x000001a761febad0 Exception <a 'java/lang/NoSuchMethodError'{0x00000000eb2912f8}: 'int java.lang.invoke.DirectMethodHandle$Holder.invokeStaticInit(java.lang.Object, double, double)'> (0x00000000eb2912f8) 
thrown [s\src\hotspot\share\interpreter\linkResolver.cpp, line 773]
Event: 2.846 Thread 0x000001a761febad0 Exception <a 'java/lang/NoSuchMethodError'{0x00000000eb295728}: 'int java.lang.invoke.DirectMethodHandle$Holder.invokeStatic(java.lang.Object, long)'> (0x00000000eb295728) 
thrown [s\src\hotspot\share\interpreter\linkResolver.cpp, line 773]
Event: 2.851 Thread 0x000001a761febad0 Exception <a 'java/lang/NoSuchMethodError'{0x00000000eb2d4140}: 'int java.lang.invoke.Invokers$Holder.linkToTargetMethod(java.lang.Object, java.lang.Object)'> (0x00000000eb2d4140) 
thrown [s\src\hotspot\share\interpreter\linkResolver.cpp, line 773]
Event: 2.908 Thread 0x000001a761febad0 Exception <a 'java/lang/NoSuchMethodError'{0x00000000eb5b3950}: 'java.lang.Object java.lang.invoke.DirectMethodHandle$Holder.invokeSpecialIFC(java.lang.Object, java.lang.Object, java.lang.Object, java.lang.Object)'> (0x00000000eb5b3950) 
thrown [s\src\hotspot\share\interpreter\linkResolver.cpp, line 773]
Event: 3.029 Thread 0x000001a70269c1c0 Exception <a 'java/lang/NoSuchMethodError'{0x00000000ebeb7bf0}: 'void java.lang.invoke.DirectMethodHandle$Holder.invokeSpecial(java.lang.Object, java.lang.Object, java.lang.Object, java.lang.Object, java.lang.Object, java.lang.Object)'> (0x00000000ebeb7bf0) 
thrown [s\src\hotspot\share\interpreter\linkResolver.cpp, line 773]
Event: 3.030 Thread 0x000001a70269c1c0 Exception <a 'java/lang/IncompatibleClassChangeError'{0x00000000ebebffc0}: Found class java.lang.Object, but interface was expected> (0x00000000ebebffc0) 
thrown [s\src\hotspot\share\interpreter\linkResolver.cpp, line 840]
Event: 3.031 Thread 0x000001a70269c1c0 Exception <a 'java/lang/IncompatibleClassChangeError'{0x00000000ebec1db0}: Found class java.lang.Object, but interface was expected> (0x00000000ebec1db0) 
thrown [s\src\hotspot\share\interpreter\linkResolver.cpp, line 840]
Event: 3.140 Thread 0x000001a761fece80 Exception <a 'java/lang/NoSuchMethodError'{0x00000000eabe57b8}: 'int java.lang.invoke.DirectMethodHandle$Holder.invokeSpecial(java.lang.Object, java.lang.Object, java.lang.Object, java.lang.Object)'> (0x00000000eabe57b8) 
thrown [s\src\hotspot\share\interpreter\linkResolver.cpp, line 773]
Event: 3.144 Thread 0x000001a761fece80 Exception <a 'java/lang/NoSuchMethodError'{0x00000000eac331d0}: 'java.lang.Object java.lang.invoke.DirectMethodHandle$Holder.invokeStatic(java.lang.Object, int, java.lang.Object, java.lang.Object)'> (0x00000000eac331d0) 
thrown [s\src\hotspot\share\interpreter\linkResolver.cpp, line 773]
Event: 3.144 Thread 0x000001a761fece80 Exception <a 'java/lang/NoSuchMethodError'{0x00000000eac587f8}: 'java.lang.Object java.lang.invoke.DelegatingMethodHandle$Holder.delegate(java.lang.Object, int, java.lang.Object, java.lang.Object)'> (0x00000000eac587f8) 
thrown [s\src\hotspot\share\interpreter\linkResolver.cpp, line 773]
Event: 3.147 Thread 0x000001a761fece80 Implicit null exception at 0x000001a70fb53976 to 0x000001a70fb53c98
Event: 3.149 Thread 0x000001a761fece80 Exception <a 'java/lang/NoSuchMethodError'{0x00000000eac9b1d0}: 'int java.lang.invoke.Invokers$Holder.linkToTargetMethod(java.lang.Object, java.lang.Object, java.lang.Object)'> (0x00000000eac9b1d0) 
thrown [s\src\hotspot\share\interpreter\linkResolver.cpp, line 773]
Event: 3.218 Thread 0x000001a761febad0 Exception <a 'java/lang/NoSuchMethodError'{0x00000000eb01a1f0}: 'int java.lang.invoke.DirectMethodHandle$Holder.invokeStatic(java.lang.Object, java.lang.Object, java.lang.Object, java.lang.Object, java.lang.Object)'> (0x00000000eb01a1f0) 
thrown [s\src\hotspot\share\interpreter\linkResolver.cpp, line 773]
Event: 3.381 Thread 0x000001a761febad0 Exception <a 'java/lang/NoClassDefFoundError'{0x00000000eb848e08}: javax/enterprise/inject/Typed> (0x00000000eb848e08) 
thrown [s\src\hotspot\share\classfile\systemDictionary.cpp, line 301]
Event: 4.266 Thread 0x000001a761febad0 Exception <a 'java/lang/NoSuchMethodError'{0x00000000ebff1bc0}: 'void java.lang.invoke.DirectMethodHandle$Holder.invokeStaticInit(java.lang.Object, java.lang.Object, java.lang.Object)'> (0x00000000ebff1bc0) 
thrown [s\src\hotspot\share\interpreter\linkResolver.cpp, line 773]
Event: 4.268 Thread 0x000001a761febad0 Exception <a 'java/lang/ExceptionInInitializerError'{0x00000000ec026610}> (0x00000000ec026610) 
thrown [s\src\hotspot\share\oops\instanceKlass.cpp, line 1220]
Event: 4.285 Thread 0x000001a761febad0 Implicit null exception at 0x000001a70fa7dc7e to 0x000001a70fa7def0
Event: 4.285 Thread 0x000001a761febad0 Implicit null exception at 0x000001a70f9e091c to 0x000001a70f9e17f8
Event: 4.287 Thread 0x000001a761febad0 Exception <a 'java/lang/NoSuchMethodError'{0x00000000eac34b08}: 'java.lang.Object java.lang.invoke.Invokers$Holder.invokeExact_MT(java.lang.Object, int, java.lang.Object)'> (0x00000000eac34b08) 
thrown [s\src\hotspot\share\interpreter\linkResolver.cpp, line 773]
Event: 4.460 Thread 0x000001a761febad0 Exception <a 'java/lang/NoClassDefFoundError'{0x00000000eb84adc8}: com/google/inject/servlet/ServletModuleTargetVisitor> (0x00000000eb84adc8) 
thrown [s\src\hotspot\share\classfile\systemDictionary.cpp, line 301]

ZGC Phase Switch (0 events):
No events

VM Operations (20 events):
Event: 3.504 Executing VM operation: ParallelGCFailedAllocation (Allocation Failure)
Event: 3.506 Executing VM operation: ParallelGCFailedAllocation (Allocation Failure) done
Event: 3.998 Executing VM operation: ParallelGCFailedAllocation (Allocation Failure)
Event: 4.000 Executing VM operation: ParallelGCFailedAllocation (Allocation Failure) done
Event: 4.014 Executing VM operation: HandshakeAllThreads (Deoptimize)
Event: 4.014 Executing VM operation: HandshakeAllThreads (Deoptimize) done
Event: 4.113 Executing VM operation: HandshakeAllThreads (Deoptimize)
Event: 4.113 Executing VM operation: HandshakeAllThreads (Deoptimize) done
Event: 4.271 Executing VM operation: ParallelGCFailedAllocation (Allocation Failure)
Event: 4.272 Executing VM operation: ParallelGCFailedAllocation (Allocation Failure) done
Event: 4.314 Executing VM operation: HandshakeAllThreads (Deoptimize)
Event: 4.314 Executing VM operation: HandshakeAllThreads (Deoptimize) done
Event: 4.503 Executing VM operation: ICBufferFull
Event: 4.503 Executing VM operation: ICBufferFull done
Event: 4.508 Executing VM operation: HandshakeAllThreads (Deoptimize)
Event: 4.508 Executing VM operation: HandshakeAllThreads (Deoptimize) done
Event: 4.508 Executing VM operation: HandshakeAllThreads (Deoptimize)
Event: 4.509 Executing VM operation: HandshakeAllThreads (Deoptimize) done
Event: 4.586 Executing VM operation: ParallelGCFailedAllocation (Allocation Failure)
Event: 4.587 Executing VM operation: ParallelGCFailedAllocation (Allocation Failure) done

Memory protections (0 events):
No events

Nmethod flushes (20 events):
Event: 3.118 Thread 0x000001a704c43b80 flushing  nmethod 0x000001a70849cc10
Event: 3.118 Thread 0x000001a704c43b80 flushing  nmethod 0x000001a70849d010
Event: 3.118 Thread 0x000001a704c43b80 flushing  nmethod 0x000001a70849d910
Event: 3.118 Thread 0x000001a704c43b80 flushing  nmethod 0x000001a70849eb10
Event: 3.118 Thread 0x000001a704c43b80 flushing  nmethod 0x000001a70849f310
Event: 3.118 Thread 0x000001a704c43b80 flushing  nmethod 0x000001a70849fa90
Event: 3.118 Thread 0x000001a704c43b80 flushing  nmethod 0x000001a7084a1010
Event: 3.118 Thread 0x000001a704c43b80 flushing  nmethod 0x000001a7084a1510
Event: 3.118 Thread 0x000001a704c43b80 flushing  nmethod 0x000001a7084a1e10
Event: 3.118 Thread 0x000001a704c43b80 flushing  nmethod 0x000001a7084a2690
Event: 3.118 Thread 0x000001a704c43b80 flushing  nmethod 0x000001a7084a3210
Event: 3.118 Thread 0x000001a704c43b80 flushing  nmethod 0x000001a7084a4c90
Event: 3.118 Thread 0x000001a704c43b80 flushing  nmethod 0x000001a7084a5610
Event: 3.118 Thread 0x000001a704c43b80 flushing  nmethod 0x000001a7084a6710
Event: 3.118 Thread 0x000001a704c43b80 flushing  nmethod 0x000001a7084aa690
Event: 3.118 Thread 0x000001a704c43b80 flushing  nmethod 0x000001a7084e4a10
Event: 3.118 Thread 0x000001a704c43b80 flushing  nmethod 0x000001a7084eb190
Event: 3.118 Thread 0x000001a704c43b80 flushing  nmethod 0x000001a70850e190
Event: 3.118 Thread 0x000001a704c43b80 flushing  nmethod 0x000001a7085b4d90
Event: 3.118 Thread 0x000001a704c43b80 flushing  nmethod 0x000001a7085da810

Events (20 events):
Event: 2.733 Thread 0x000001a70269c1c0 Thread added: 0x000001a7646e4b60
Event: 2.733 Thread 0x000001a70269c1c0 Thread added: 0x000001a7646e51f0
Event: 2.733 Thread 0x000001a70269c1c0 Thread added: 0x000001a7646e8670
Event: 2.733 Thread 0x000001a70269c1c0 Thread added: 0x000001a7646e5f10
Event: 2.734 Thread 0x000001a70269c1c0 Thread added: 0x000001a7646e9a20
Event: 2.734 Thread 0x000001a70269c1c0 Thread added: 0x000001a7646e65a0
Event: 2.734 Thread 0x000001a70269c1c0 Thread added: 0x000001a7646e7fe0
Event: 2.734 Thread 0x000001a70269c1c0 Thread added: 0x000001a7646e8d00
Event: 2.734 Thread 0x000001a70269c1c0 Thread added: 0x000001a7646e9390
Event: 2.734 Thread 0x000001a70269c1c0 Thread added: 0x000001a7646e6c30
Event: 2.735 Thread 0x000001a70269c1c0 Thread added: 0x000001a7646eadd0
Event: 2.767 Thread 0x000001a70269c1c0 Thread added: 0x000001a7646ea0b0
Event: 2.800 Thread 0x000001a75b5f3eb0 Thread added: 0x000001a7648f8610
Event: 2.805 Thread 0x000001a75b5f3eb0 Thread added: 0x000001a765442820
Event: 2.805 Thread 0x000001a75b5f3eb0 Thread added: 0x000001a765442ec0
Event: 3.063 Thread 0x000001a70269c1c0 Thread added: 0x000001a7646ea740
Event: 3.063 Thread 0x000001a70269c1c0 Thread added: 0x000001a7646eb460
Event: 3.321 Thread 0x000001a761fee230 Thread added: 0x000001a76415b5a0
Event: 3.428 Thread 0x000001a75b4d6a00 Thread added: 0x000001a75b81bd20
Event: 4.243 Thread 0x000001a75b81bd20 Thread exited: 0x000001a75b81bd20


Dynamic libraries:
0x00007ff630b40000 - 0x00007ff630b4e000 	c:\Users\Aayush Sharma\.vscode\extensions\redhat.java-1.41.1-win32-x64\jre\21.0.6-win32-x86_64\bin\java.exe
0x00007ff8da5a0000 - 0x00007ff8da803000 	C:\WINDOWS\SYSTEM32\ntdll.dll
0x00007ff8d9310000 - 0x00007ff8d93d7000 	C:\WINDOWS\System32\KERNEL32.DLL
0x00007ff8d7de0000 - 0x00007ff8d81a9000 	C:\WINDOWS\System32\KERNELBASE.dll
0x00007ff8d79d0000 - 0x00007ff8d7b1c000 	C:\WINDOWS\System32\ucrtbase.dll
0x00007ff8b6690000 - 0x00007ff8b66ae000 	c:\Users\Aayush Sharma\.vscode\extensions\redhat.java-1.41.1-win32-x64\jre\21.0.6-win32-x86_64\bin\VCRUNTIME140.dll
0x00007ff8b2810000 - 0x00007ff8b2828000 	c:\Users\Aayush Sharma\.vscode\extensions\redhat.java-1.41.1-win32-x64\jre\21.0.6-win32-x86_64\bin\jli.dll
0x00007ff8d8770000 - 0x00007ff8d893a000 	C:\WINDOWS\System32\USER32.dll
0x00007ff8bef30000 - 0x00007ff8bf1c0000 	C:\WINDOWS\WinSxS\amd64_microsoft.windows.common-controls_6595b64144ccf1df_6.0.26100.3323_none_3e088096e3344490\COMCTL32.dll
0x00007ff8d78e0000 - 0x00007ff8d7907000 	C:\WINDOWS\System32\win32u.dll
0x00007ff8d89d0000 - 0x00007ff8d89fa000 	C:\WINDOWS\System32\GDI32.dll
0x00007ff8d9260000 - 0x00007ff8d9309000 	C:\WINDOWS\System32\msvcrt.dll
0x00007ff8d7b20000 - 0x00007ff8d7c51000 	C:\WINDOWS\System32\gdi32full.dll
0x00007ff8d7830000 - 0x00007ff8d78d3000 	C:\WINDOWS\System32\msvcp_win.dll
0x00007ff8d9190000 - 0x00007ff8d91bf000 	C:\WINDOWS\System32\IMM32.DLL
0x00007ff8d23b0000 - 0x00007ff8d23bc000 	c:\Users\Aayush Sharma\.vscode\extensions\redhat.java-1.41.1-win32-x64\jre\21.0.6-win32-x86_64\bin\vcruntime140_1.dll
0x00007ff822100000 - 0x00007ff82218d000 	c:\Users\Aayush Sharma\.vscode\extensions\redhat.java-1.41.1-win32-x64\jre\21.0.6-win32-x86_64\bin\msvcp140.dll
0x00007fffc45e0000 - 0x00007fffc5370000 	c:\Users\Aayush Sharma\.vscode\extensions\redhat.java-1.41.1-win32-x64\jre\21.0.6-win32-x86_64\bin\server\jvm.dll
0x00007ff8d85a0000 - 0x00007ff8d8652000 	C:\WINDOWS\System32\ADVAPI32.dll
0x00007ff8d9f40000 - 0x00007ff8d9fe6000 	C:\WINDOWS\System32\sechost.dll
0x00007ff8d9820000 - 0x00007ff8d9936000 	C:\WINDOWS\System32\RPCRT4.dll
0x00007ff8d8950000 - 0x00007ff8d89c4000 	C:\WINDOWS\System32\WS2_32.dll
0x00007ff8d6ed0000 - 0x00007ff8d6f1e000 	C:\WINDOWS\SYSTEM32\POWRPROF.dll
0x00007ff8c5d20000 - 0x00007ff8c5d56000 	C:\WINDOWS\SYSTEM32\WINMM.dll
0x00007ff8d0eb0000 - 0x00007ff8d0ebb000 	C:\WINDOWS\SYSTEM32\VERSION.dll
0x00007ff8d6e80000 - 0x00007ff8d6e94000 	C:\WINDOWS\SYSTEM32\UMPDC.dll
0x00007ff8d6590000 - 0x00007ff8d65aa000 	C:\WINDOWS\SYSTEM32\kernel.appcore.dll
0x00007ff8d13a0000 - 0x00007ff8d13aa000 	c:\Users\Aayush Sharma\.vscode\extensions\redhat.java-1.41.1-win32-x64\jre\21.0.6-win32-x86_64\bin\jimage.dll
0x00007ff8c3c20000 - 0x00007ff8c3e61000 	C:\WINDOWS\SYSTEM32\DBGHELP.DLL
0x00007ff8d9490000 - 0x00007ff8d9812000 	C:\WINDOWS\System32\combase.dll
0x00007ff8d9e60000 - 0x00007ff8d9f36000 	C:\WINDOWS\System32\OLEAUT32.dll
0x00007ff861c80000 - 0x00007ff861cb9000 	C:\WINDOWS\SYSTEM32\dbgcore.DLL
0x00007ff8d8320000 - 0x00007ff8d83b9000 	C:\WINDOWS\System32\bcryptPrimitives.dll
0x00007ff8bd230000 - 0x00007ff8bd23f000 	c:\Users\Aayush Sharma\.vscode\extensions\redhat.java-1.41.1-win32-x64\jre\21.0.6-win32-x86_64\bin\instrument.dll
0x00007ff8bd280000 - 0x00007ff8bd29f000 	c:\Users\Aayush Sharma\.vscode\extensions\redhat.java-1.41.1-win32-x64\jre\21.0.6-win32-x86_64\bin\java.dll
0x00007ff8d8a20000 - 0x00007ff8d9135000 	C:\WINDOWS\System32\SHELL32.dll
0x00007ff8d81b0000 - 0x00007ff8d8318000 	C:\WINDOWS\System32\wintypes.dll
0x00007ff8d5460000 - 0x00007ff8d5ca5000 	C:\WINDOWS\SYSTEM32\windows.storage.dll
0x00007ff8d8660000 - 0x00007ff8d874b000 	C:\WINDOWS\System32\SHCORE.dll
0x00007ff8da500000 - 0x00007ff8da55d000 	C:\WINDOWS\System32\shlwapi.dll
0x00007ff8d76b0000 - 0x00007ff8d76df000 	C:\WINDOWS\SYSTEM32\profapi.dll
0x00007ff8b27f0000 - 0x00007ff8b2808000 	c:\Users\Aayush Sharma\.vscode\extensions\redhat.java-1.41.1-win32-x64\jre\21.0.6-win32-x86_64\bin\zip.dll
0x00007ff8cf930000 - 0x00007ff8cf940000 	C:\Users\Aayush Sharma\.vscode\extensions\redhat.java-1.41.1-win32-x64\jre\21.0.6-win32-x86_64\bin\net.dll
0x00007ff8d0980000 - 0x00007ff8d0a9e000 	C:\WINDOWS\SYSTEM32\WINHTTP.dll
0x00007ff8d6b50000 - 0x00007ff8d6bba000 	C:\WINDOWS\system32\mswsock.dll
0x00007ff8b14d0000 - 0x00007ff8b14e6000 	C:\Users\Aayush Sharma\.vscode\extensions\redhat.java-1.41.1-win32-x64\jre\21.0.6-win32-x86_64\bin\nio.dll
0x00007ff8bbdb0000 - 0x00007ff8bbdc0000 	c:\Users\Aayush Sharma\.vscode\extensions\redhat.java-1.41.1-win32-x64\jre\21.0.6-win32-x86_64\bin\verify.dll
0x00007ff876360000 - 0x00007ff8763a5000 	C:\Users\Aayush Sharma\AppData\Roaming\Code\User\globalStorage\redhat.java\1.41.1\config_win\org.eclipse.equinox.launcher\org.eclipse.equinox.launcher.win32.win32.x86_64_1.2.1300.v20250331-1702\eclipse_11911.dll
0x00007ff8d9940000 - 0x00007ff8d9ad5000 	C:\WINDOWS\System32\ole32.dll
0x00007ff8d6e10000 - 0x00007ff8d6e2c000 	C:\WINDOWS\SYSTEM32\CRYPTSP.dll
0x00007ff8d64f0000 - 0x00007ff8d652a000 	C:\WINDOWS\system32\rsaenh.dll
0x00007ff8d6bf0000 - 0x00007ff8d6c1b000 	C:\WINDOWS\SYSTEM32\USERENV.dll
0x00007ff8d70d0000 - 0x00007ff8d70f6000 	C:\WINDOWS\SYSTEM32\bcrypt.dll
0x00007ff8d6e30000 - 0x00007ff8d6e3c000 	C:\WINDOWS\SYSTEM32\CRYPTBASE.dll
0x00007ff8d5fa0000 - 0x00007ff8d5fd3000 	C:\WINDOWS\SYSTEM32\IPHLPAPI.DLL
0x00007ff8d8a00000 - 0x00007ff8d8a0a000 	C:\WINDOWS\System32\NSI.dll
0x00007ff8356e0000 - 0x00007ff835729000 	C:\Users\Aayush Sharma\AppData\Local\Temp\jna-2110167497\jna11511586594197595261.dll
0x00007ff8d8940000 - 0x00007ff8d8948000 	C:\WINDOWS\System32\PSAPI.DLL
0x00007ff8d0ff0000 - 0x00007ff8d100f000 	C:\WINDOWS\SYSTEM32\dhcpcsvc6.DLL
0x00007ff8d06c0000 - 0x00007ff8d06e5000 	C:\WINDOWS\SYSTEM32\dhcpcsvc.DLL

dbghelp: loaded successfully - version: 4.0.5 - missing functions: none
symbol engine: initialized successfully - sym options: 0x614 - pdb path: .;c:\Users\Aayush Sharma\.vscode\extensions\redhat.java-1.41.1-win32-x64\jre\21.0.6-win32-x86_64\bin;C:\WINDOWS\SYSTEM32;C:\WINDOWS\WinSxS\amd64_microsoft.windows.common-controls_6595b64144ccf1df_6.0.26100.3323_none_3e088096e3344490;c:\Users\Aayush Sharma\.vscode\extensions\redhat.java-1.41.1-win32-x64\jre\21.0.6-win32-x86_64\bin\server;C:\Users\Aayush Sharma\AppData\Roaming\Code\User\globalStorage\redhat.java\1.41.1\config_win\org.eclipse.equinox.launcher\org.eclipse.equinox.launcher.win32.win32.x86_64_1.2.1300.v20250331-1702;C:\Users\Aayush Sharma\AppData\Local\Temp\jna-2110167497

VM Arguments:
jvm_args: --add-modules=ALL-SYSTEM --add-opens=java.base/java.util=ALL-UNNAMED --add-opens=java.base/java.lang=ALL-UNNAMED --add-opens=java.base/sun.nio.fs=ALL-UNNAMED -Declipse.application=org.eclipse.jdt.ls.core.id1 -Dosgi.bundles.defaultStartLevel=4 -Declipse.product=org.eclipse.jdt.ls.core.product -Djava.import.generatesMetadataFilesAtProjectRoot=false -DDetectVMInstallationsJob.disabled=true -Dfile.encoding=utf8 -XX:+UseParallelGC -XX:GCTimeRatio=4 -XX:AdaptiveSizePolicyWeight=90 -Dsun.zip.disableMemoryMapping=true -Xmx1G -Xms100m -Xlog:disable -javaagent:c:\Users\Aayush Sharma\.vscode\extensions\redhat.java-1.41.1-win32-x64\lombok\lombok-1.18.36.jar -XX:+HeapDumpOnOutOfMemoryError -XX:HeapDumpPath=c:\Users\Aayush Sharma\AppData\Roaming\Code\User\workspaceStorage\bab741d56c7c031ad1e26c5444fbfa7e\redhat.java -Daether.dependencyCollector.impl=bf 
java_command: c:\Users\Aayush Sharma\.vscode\extensions\redhat.java-1.41.1-win32-x64\server\plugins\org.eclipse.equinox.launcher_1.7.0.v20250331-1702.jar -configuration c:\Users\Aayush Sharma\AppData\Roaming\Code\User\globalStorage\redhat.java\1.41.1\config_win -data c:\Users\Aayush Sharma\AppData\Roaming\Code\User\workspaceStorage\bab741d56c7c031ad1e26c5444fbfa7e\redhat.java\jdt_ws --pipe=\\.\pipe\lsp-80dbc522a470b632e74e2e1e608d4004-sock
java_class_path (initial): c:\Users\Aayush Sharma\.vscode\extensions\redhat.java-1.41.1-win32-x64\server\plugins\org.eclipse.equinox.launcher_1.7.0.v20250331-1702.jar
Launcher Type: SUN_STANDARD

[Global flags]
    uintx AdaptiveSizePolicyWeight                 = 90                                        {product} {command line}
     intx CICompilerCount                          = 12                                        {product} {ergonomic}
    uintx GCTimeRatio                              = 4                                         {product} {command line}
     bool HeapDumpOnOutOfMemoryError               = true                                   {manageable} {command line}
    ccstr HeapDumpPath                             = c:\Users\Aayush Sharma\AppData\Roaming\Code\User\workspaceStorage\bab741d56c7c031ad1e26c5444fbfa7e\redhat.java         {manageable} {command line}
   size_t InitialHeapSize                          = 104857600                                 {product} {command line}
   size_t MaxHeapSize                              = 1073741824                                {product} {command line}
   size_t MaxNewSize                               = 357564416                                 {product} {ergonomic}
   size_t MinHeapDeltaBytes                        = 524288                                    {product} {ergonomic}
   size_t MinHeapSize                              = 104857600                                 {product} {command line}
   size_t NewSize                                  = 34603008                                  {product} {ergonomic}
    uintx NonNMethodCodeHeapSize                   = 7602480                                {pd product} {ergonomic}
    uintx NonProfiledCodeHeapSize                  = 122027880                              {pd product} {ergonomic}
   size_t OldSize                                  = 70254592                                  {product} {ergonomic}
    uintx ProfiledCodeHeapSize                     = 122027880                              {pd product} {ergonomic}
    uintx ReservedCodeCacheSize                    = 251658240                              {pd product} {ergonomic}
     bool SegmentedCodeCache                       = true                                      {product} {ergonomic}
   size_t SoftMaxHeapSize                          = 1073741824                             {manageable} {ergonomic}
     bool UseCompressedOops                        = true                           {product lp64_product} {ergonomic}
     bool UseLargePagesIndividualAllocation        = false                                  {pd product} {ergonomic}
     bool UseParallelGC                            = true                                      {product} {command line}

Logging:
Log output configuration:
 #0: stdout all=off uptime,level,tags foldmultilines=false
 #1: stderr all=off uptime,level,tags foldmultilines=false

Environment Variables:
JAVA_HOME=C:\Program Files\Java\jdk-17.0.5
PATH=C:\Program Files\NVIDIA GPU Computing Toolkit\CUDA\v11.8\bin;C:\Program Files\NVIDIA GPU Computing Toolkit\CUDA\v11.8\libnvvp;C:\Program Files\NVIDIA GPU Computing Toolkit\CUDA\v12.6\bin;C:\Program Files\NVIDIA GPU Computing Toolkit\CUDA\v12.6\libnvvp;C:\Program Files\NVIDIA GPU Computing Toolkit\CUDA\v12.4\bin;C:\Program Files\NVIDIA GPU Computing Toolkit\CUDA\v12.4\libnvvp;C:\Program Files\Common Files\Oracle\Java\javapath;C:\Program Files (x86)\Common Files\Oracle\Java\java8path;C:\Program Files (x86)\Common Files\Oracle\Java\javapath;C:\Windows\system32;C:\Windows;C:\Windows\System32\Wbem;C:\Windows\System32\WindowsPowerShell\v1.0\;C:\Windows\System32\OpenSSH\;C:\Program Files (x86)\NVIDIA Corporation\PhysX\Common;C:\Program Files\Git\cmd;C:\Program Files\Git\mingw64\bin;C:\Program Files\Git\usr\bin;C:\Program Files\Microsoft SQL Server\150\Tools\Binn\;C:\Program Files\Microsoft SQL Server\Client SDK\ODBC\170\Tools\Binn\;C:\Program Files\HDF_Group\HDF5\1.14.0\bin\;C:\Program Files\HDF_Group\HDF5\1.12.0\bin\;C:\Program Files\HDF_Group\HDF5\1.10.8\bin\;C:\Program Files\HDF_Group\HDF5\1.10.9\bin\;C:\Program Files\dotnet\;C:\Program Files\MySQL\MySQL Server 8.0\bin;C:\cygwin64\bin;C:\Program Files\php-8.2.8-Win32-vs16-x64;C:\WINDOWS\system32;C:\WINDOWS;C:\WINDOWS\System32\Wbem;C:\WINDOWS\System32\WindowsPowerShell\v1.0\;C:\WINDOWS\System32\OpenSSH\;C:\Program Files (x86)\Microsoft SQL Server\160\Tools\Binn\;C:\Program Files\Microsoft SQL Server\160\Tools\Binn\;C:\Program Files\Microsoft SQL Server\160\DTS\Binn\;C:\Program Files\Azure Data Studio\bin;C:\Program Files\nodejs\;C:\Program Files (x86)\Windows Kits\10\Windows Performance Toolkit\;C:\Program Files\NVIDIA Corporation\Nsight Compute 2022.3.0\;C:\Program Files\NVIDIA Corporation\NVIDIA app\NvDLISR;C:\Program Files\Docker\Docker\resources\bin;C:\Users\Aayush Sharma\AppData\Local\Pub\Cache\bin;C:\Users\Aayush Sharma\AppData\Local\Programs\Python\Python310\Scripts\;C:\Users\Aayush Sharma\AppData\Local\Programs\Python\Python310;C:\Program Files\MySQL\MySQL Shell 8.0\bin\;C:\Users\Aayush Sharma\.dotnet\tools;C:\Users\Aayush Sharma\AppData\Local\Microsoft\WindowsApps;C:\Users\Aayush Sharma\AppData\Local\GitHubDesktop\bin;C:\Users\Aayush Sharma\AppData\Roaming\bakkesmod\bakkesmod\bakkesmodsdk\lib;C:\Users\Aayush Sharma\AppData\Roaming\bakkesmod\bakkesmod\dll;C:\Users\Aayush Sharma\Documents\Bakkes\ExpPlugin\x64\Release;C:\MinGW;C:\MinGW\bin;C:\Program Files\Azure Data Studio\bin;C:\Users\Aayush Sharma\AppData\Roaming\npm;C:\Program Files\nodejs\;C:\Users\Aayush Sharma\AppData\Local\Programs\Microsoft VS Code\bin;C:\Users\Aayush Sharma\Downloads\cmake-3.30.2-windows-x86_64\cmake-3.30.2-windows-x86_64\bin;C:\ffmpeg\bin;C:\Users\Aayush Sharma\anaconda3\condabin;C:\Program Files\NVIDIA GPU Computing Toolkit\CUDA\v11.8\bin;C:\Program Files\NVIDIA GPU Computing Toolkit\CUDA\v11.8\libnvvp;C:\Users\Aayush Sharma\ngrok.exe;C:\Users\Aayush Sharma\AppData\Local\Google\Cloud SDK\google-cloud-sdk\bin;C:\dev\flutter\bin;C:\Users\Aayush Sharma\AppData\Local\Programs\cursor\resources\app\bin;C:\Users\Aayush Sharma\AppData\Local\Pub\Cache\bin;
USERNAME=Aayush Sharma
OS=Windows_NT
PROCESSOR_IDENTIFIER=AMD64 Family 25 Model 33 Stepping 2, AuthenticAMD
TMP=C:\Users\AAYUSH~1\AppData\Local\Temp
TEMP=C:\Users\AAYUSH~1\AppData\Local\Temp




Periodic native trim disabled

---------------  S Y S T E M  ---------------

OS:
 Windows 11 , 64 bit Build 26100 (10.0.26100.3323)
OS uptime: 0 days 5:50 hours
Hyper-V role detected

CPU: total 16 (initial active 16) (16 cores per cpu, 2 threads per core) family 25 model 33 stepping 2 microcode 0xa201210, cx8, cmov, fxsr, ht, mmx, 3dnowpref, sse, sse2, sse3, ssse3, sse4a, sse4.1, sse4.2, popcnt, lzcnt, tsc, tscinvbit, avx, avx2, aes, erms, clmul, bmi1, bmi2, adx, sha, fma, vzeroupper, clflush, clflushopt, hv, rdtscp, rdpid, fsrm, f16c, cet_ss
Processor Information for the first 16 processors :
  Max Mhz: 3001, Current Mhz: 3001, Mhz Limit: 3001

Memory: 4k page, system-wide physical 16310M (996M free)
TotalPageFile size 34245M (AvailPageFile size 6M)
current process WorkingSet (physical memory assigned to process): 258M, peak: 266M
current process commit charge ("private bytes"): 361M, peak: 371M

vm_info: OpenJDK 64-Bit Server VM (21.0.6+7-LTS) for windows-amd64 JRE (21.0.6+7-LTS), built on 2025-01-21T00:00:00Z by "admin" with MS VC++ 17.7 (VS2022)

END.
